{"/Users/rex-fab-alt/Documents/code/playground/van-plan/src/App.tsx": {"path":"/Users/rex-fab-alt/Documents/code/playground/van-plan/src/App.tsx","statementMap":{"0":{"start":{"line":13,"column":13},"end":{"line":82,"column":null}},"1":{"start":{"line":27,"column":6},"end":{"line":27,"column":18}},"2":{"start":{"line":29,"column":2},"end":{"line":80,"column":null}}},"fnMap":{"0":{"name":"(anonymous_0)","decl":{"start":{"line":13,"column":13},"end":{"line":13,"column":35}},"loc":{"start":{"line":13,"column":35},"end":{"line":82,"column":null}},"line":13}},"branchMap":{"0":{"loc":{"start":{"line":45,"column":9},"end":{"line":58,"column":null}},"type":"binary-expr","locations":[{"start":{"line":45,"column":9},"end":{"line":45,"column":null}},{"start":{"line":46,"column":10},"end":{"line":58,"column":null}}],"line":45},"1":{"loc":{"start":{"line":61,"column":9},"end":{"line":65,"column":null}},"type":"binary-expr","locations":[{"start":{"line":61,"column":9},"end":{"line":61,"column":null}},{"start":{"line":62,"column":10},"end":{"line":65,"column":null}}],"line":61},"2":{"loc":{"start":{"line":68,"column":9},"end":{"line":69,"column":null}},"type":"binary-expr","locations":[{"start":{"line":68,"column":9},"end":{"line":68,"column":null}},{"start":{"line":69,"column":10},"end":{"line":69,"column":null}}],"line":68},"3":{"loc":{"start":{"line":72,"column":9},"end":{"line":73,"column":null}},"type":"binary-expr","locations":[{"start":{"line":72,"column":9},"end":{"line":72,"column":null}},{"start":{"line":73,"column":10},"end":{"line":73,"column":null}}],"line":72},"4":{"loc":{"start":{"line":76,"column":9},"end":{"line":77,"column":null}},"type":"binary-expr","locations":[{"start":{"line":76,"column":9},"end":{"line":76,"column":null}},{"start":{"line":77,"column":10},"end":{"line":77,"column":null}}],"line":76}},"s":{"0":1,"1":5,"2":5},"f":{"0":5},"b":{"0":[5,1],"1":[5,1],"2":[5,1],"3":[5,1],"4":[5,1]},"meta":{"lastBranch":5,"lastFunction":1,"lastStatement":3,"seen":{"s:13:13:82:Infinity":0,"f:13:13:13:35":0,"s:27:6:27:18":1,"s:29:2:80:Infinity":2,"b:45:9:45:Infinity:46:10:58:Infinity":0,"b:61:9:61:Infinity:62:10:65:Infinity":1,"b:68:9:68:Infinity:69:10:69:Infinity":2,"b:72:9:72:Infinity:73:10:73:Infinity":3,"b:76:9:76:Infinity:77:10:77:Infinity":4},"fnNames":{}}}
,"/Users/rex-fab-alt/Documents/code/playground/van-plan/src/components/2d/BlueprintCanvas2D.tsx": {"path":"/Users/rex-fab-alt/Documents/code/playground/van-plan/src/components/2d/BlueprintCanvas2D.tsx","statementMap":{"0":{"start":{"line":11,"column":13},"end":{"line":226,"column":null}},"1":{"start":{"line":12,"column":20},"end":{"line":12,"column":null}},"2":{"start":{"line":14,"column":2},"end":{"line":43,"column":null}},"3":{"start":{"line":15,"column":19},"end":{"line":15,"column":null}},"4":{"start":{"line":16,"column":4},"end":{"line":16,"column":null}},"5":{"start":{"line":16,"column":17},"end":{"line":16,"column":null}},"6":{"start":{"line":18,"column":16},"end":{"line":18,"column":null}},"7":{"start":{"line":19,"column":4},"end":{"line":19,"column":null}},"8":{"start":{"line":19,"column":14},"end":{"line":19,"column":null}},"9":{"start":{"line":22,"column":4},"end":{"line":22,"column":null}},"10":{"start":{"line":25,"column":4},"end":{"line":25,"column":null}},"11":{"start":{"line":26,"column":4},"end":{"line":26,"column":null}},"12":{"start":{"line":29,"column":4},"end":{"line":29,"column":null}},"13":{"start":{"line":31,"column":17},"end":{"line":31,"column":null}},"14":{"start":{"line":32,"column":17},"end":{"line":32,"column":null}},"15":{"start":{"line":34,"column":4},"end":{"line":42,"column":null}},"16":{"start":{"line":35,"column":6},"end":{"line":35,"column":null}},"17":{"start":{"line":36,"column":11},"end":{"line":42,"column":null}},"18":{"start":{"line":37,"column":6},"end":{"line":37,"column":null}},"19":{"start":{"line":38,"column":11},"end":{"line":42,"column":null}},"20":{"start":{"line":39,"column":6},"end":{"line":39,"column":null}},"21":{"start":{"line":41,"column":6},"end":{"line":41,"column":null}},"22":{"start":{"line":46,"column":8},"end":{"line":117,"column":null}},"23":{"start":{"line":47,"column":18},"end":{"line":47,"column":null}},"24":{"start":{"line":48,"column":19},"end":{"line":48,"column":null}},"25":{"start":{"line":49,"column":19},"end":{"line":49,"column":null}},"26":{"start":{"line":51,"column":14},"end":{"line":51,"column":null}},"27":{"start":{"line":52,"column":14},"end":{"line":52,"column":null}},"28":{"start":{"line":55,"column":4},"end":{"line":55,"column":null}},"29":{"start":{"line":56,"column":4},"end":{"line":56,"column":null}},"30":{"start":{"line":57,"column":4},"end":{"line":57,"column":null}},"31":{"start":{"line":60,"column":4},"end":{"line":60,"column":null}},"32":{"start":{"line":61,"column":4},"end":{"line":61,"column":null}},"33":{"start":{"line":64,"column":4},"end":{"line":64,"column":null}},"34":{"start":{"line":65,"column":4},"end":{"line":65,"column":null}},"35":{"start":{"line":66,"column":4},"end":{"line":66,"column":null}},"36":{"start":{"line":67,"column":4},"end":{"line":67,"column":null}},"37":{"start":{"line":68,"column":4},"end":{"line":68,"column":null}},"38":{"start":{"line":71,"column":4},"end":{"line":71,"column":null}},"39":{"start":{"line":72,"column":4},"end":{"line":72,"column":null}},"40":{"start":{"line":75,"column":4},"end":{"line":75,"column":null}},"41":{"start":{"line":78,"column":4},"end":{"line":78,"column":null}},"42":{"start":{"line":79,"column":4},"end":{"line":79,"column":null}},"43":{"start":{"line":80,"column":4},"end":{"line":80,"column":null}},"44":{"start":{"line":83,"column":4},"end":{"line":83,"column":null}},"45":{"start":{"line":84,"column":4},"end":{"line":84,"column":null}},"46":{"start":{"line":85,"column":4},"end":{"line":85,"column":null}},"47":{"start":{"line":86,"column":4},"end":{"line":86,"column":null}},"48":{"start":{"line":87,"column":4},"end":{"line":87,"column":null}},"49":{"start":{"line":88,"column":4},"end":{"line":88,"column":null}},"50":{"start":{"line":89,"column":4},"end":{"line":89,"column":null}},"51":{"start":{"line":90,"column":4},"end":{"line":90,"column":null}},"52":{"start":{"line":93,"column":4},"end":{"line":99,"column":null}},"53":{"start":{"line":101,"column":4},"end":{"line":107,"column":null}},"54":{"start":{"line":109,"column":4},"end":{"line":116,"column":null}},"55":{"start":{"line":120,"column":8},"end":{"line":179,"column":null}},"56":{"start":{"line":128,"column":18},"end":{"line":128,"column":null}},"57":{"start":{"line":129,"column":19},"end":{"line":129,"column":null}},"58":{"start":{"line":130,"column":19},"end":{"line":130,"column":null}},"59":{"start":{"line":132,"column":14},"end":{"line":132,"column":null}},"60":{"start":{"line":133,"column":14},"end":{"line":133,"column":null}},"61":{"start":{"line":136,"column":4},"end":{"line":136,"column":null}},"62":{"start":{"line":137,"column":4},"end":{"line":137,"column":null}},"63":{"start":{"line":138,"column":4},"end":{"line":138,"column":null}},"64":{"start":{"line":139,"column":4},"end":{"line":139,"column":null}},"65":{"start":{"line":140,"column":4},"end":{"line":140,"column":null}},"66":{"start":{"line":141,"column":4},"end":{"line":141,"column":null}},"67":{"start":{"line":142,"column":4},"end":{"line":142,"column":null}},"68":{"start":{"line":143,"column":4},"end":{"line":143,"column":null}},"69":{"start":{"line":144,"column":4},"end":{"line":144,"column":null}},"70":{"start":{"line":147,"column":4},"end":{"line":147,"column":null}},"71":{"start":{"line":148,"column":4},"end":{"line":148,"column":null}},"72":{"start":{"line":151,"column":4},"end":{"line":151,"column":null}},"73":{"start":{"line":152,"column":4},"end":{"line":152,"column":null}},"74":{"start":{"line":155,"column":17},"end":{"line":155,"column":null}},"75":{"start":{"line":156,"column":4},"end":{"line":156,"column":null}},"76":{"start":{"line":157,"column":4},"end":{"line":157,"column":null}},"77":{"start":{"line":158,"column":4},"end":{"line":158,"column":null}},"78":{"start":{"line":159,"column":4},"end":{"line":159,"column":null}},"79":{"start":{"line":162,"column":4},"end":{"line":162,"column":null}},"80":{"start":{"line":163,"column":4},"end":{"line":163,"column":null}},"81":{"start":{"line":164,"column":4},"end":{"line":164,"column":null}},"82":{"start":{"line":165,"column":4},"end":{"line":165,"column":null}},"83":{"start":{"line":166,"column":4},"end":{"line":166,"column":null}},"84":{"start":{"line":167,"column":4},"end":{"line":167,"column":null}},"85":{"start":{"line":168,"column":4},"end":{"line":168,"column":null}},"86":{"start":{"line":169,"column":4},"end":{"line":169,"column":null}},"87":{"start":{"line":172,"column":4},"end":{"line":178,"column":null}},"88":{"start":{"line":182,"column":8},"end":{"line":219,"column":null}},"89":{"start":{"line":183,"column":18},"end":{"line":183,"column":null}},"90":{"start":{"line":184,"column":19},"end":{"line":184,"column":null}},"91":{"start":{"line":185,"column":19},"end":{"line":185,"column":null}},"92":{"start":{"line":187,"column":14},"end":{"line":187,"column":null}},"93":{"start":{"line":188,"column":14},"end":{"line":188,"column":null}},"94":{"start":{"line":191,"column":4},"end":{"line":191,"column":null}},"95":{"start":{"line":192,"column":4},"end":{"line":192,"column":null}},"96":{"start":{"line":193,"column":4},"end":{"line":193,"column":null}},"97":{"start":{"line":194,"column":4},"end":{"line":194,"column":null}},"98":{"start":{"line":195,"column":4},"end":{"line":195,"column":null}},"99":{"start":{"line":196,"column":4},"end":{"line":196,"column":null}},"100":{"start":{"line":197,"column":4},"end":{"line":197,"column":null}},"101":{"start":{"line":198,"column":4},"end":{"line":198,"column":null}},"102":{"start":{"line":201,"column":4},"end":{"line":201,"column":null}},"103":{"start":{"line":202,"column":4},"end":{"line":202,"column":null}},"104":{"start":{"line":203,"column":4},"end":{"line":203,"column":null}},"105":{"start":{"line":206,"column":17},"end":{"line":206,"column":null}},"106":{"start":{"line":207,"column":4},"end":{"line":207,"column":null}},"107":{"start":{"line":208,"column":4},"end":{"line":208,"column":null}},"108":{"start":{"line":211,"column":4},"end":{"line":218,"column":null}},"109":{"start":{"line":221,"column":2},"end":{"line":224,"column":null}}},"fnMap":{"0":{"name":"(anonymous_0)","decl":{"start":{"line":11,"column":13},"end":{"line":11,"column":68}},"loc":{"start":{"line":11,"column":85},"end":{"line":226,"column":null}},"line":11},"1":{"name":"(anonymous_1)","decl":{"start":{"line":14,"column":2},"end":{"line":14,"column":18}},"loc":{"start":{"line":14,"column":18},"end":{"line":43,"column":5}},"line":14},"2":{"name":"(anonymous_2)","decl":{"start":{"line":46,"column":8},"end":{"line":46,"column":27}},"loc":{"start":{"line":46,"column":110},"end":{"line":117,"column":null}},"line":46},"3":{"name":"(anonymous_3)","decl":{"start":{"line":120,"column":8},"end":{"line":120,"column":null}},"loc":{"start":{"line":127,"column":7},"end":{"line":179,"column":null}},"line":127},"4":{"name":"(anonymous_4)","decl":{"start":{"line":182,"column":8},"end":{"line":182,"column":31}},"loc":{"start":{"line":182,"column":137},"end":{"line":219,"column":null}},"line":182}},"branchMap":{"0":{"loc":{"start":{"line":16,"column":4},"end":{"line":16,"column":null}},"type":"if","locations":[{"start":{"line":16,"column":4},"end":{"line":16,"column":null}},{"start":{},"end":{}}],"line":16},"1":{"loc":{"start":{"line":19,"column":4},"end":{"line":19,"column":null}},"type":"if","locations":[{"start":{"line":19,"column":4},"end":{"line":19,"column":null}},{"start":{},"end":{}}],"line":19},"2":{"loc":{"start":{"line":34,"column":4},"end":{"line":42,"column":null}},"type":"if","locations":[{"start":{"line":34,"column":4},"end":{"line":42,"column":null}},{"start":{"line":36,"column":11},"end":{"line":42,"column":null}}],"line":34},"3":{"loc":{"start":{"line":36,"column":11},"end":{"line":42,"column":null}},"type":"if","locations":[{"start":{"line":36,"column":11},"end":{"line":42,"column":null}},{"start":{"line":38,"column":11},"end":{"line":42,"column":null}}],"line":36},"4":{"loc":{"start":{"line":38,"column":11},"end":{"line":42,"column":null}},"type":"if","locations":[{"start":{"line":38,"column":11},"end":{"line":42,"column":null}},{"start":{"line":40,"column":11},"end":{"line":42,"column":null}}],"line":38},"5":{"loc":{"start":{"line":155,"column":17},"end":{"line":155,"column":null}},"type":"cond-expr","locations":[{"start":{"line":155,"column":32},"end":{"line":155,"column":61}},{"start":{"line":155,"column":61},"end":{"line":155,"column":null}}],"line":155},"6":{"loc":{"start":{"line":206,"column":17},"end":{"line":206,"column":null}},"type":"cond-expr","locations":[{"start":{"line":206,"column":32},"end":{"line":206,"column":61}},{"start":{"line":206,"column":61},"end":{"line":206,"column":null}}],"line":206}},"s":{"0":2,"1":6,"2":6,"3":6,"4":6,"5":0,"6":6,"7":6,"8":1,"9":5,"10":5,"11":5,"12":5,"13":5,"14":5,"15":5,"16":2,"17":3,"18":1,"19":2,"20":1,"21":1,"22":6,"23":3,"24":3,"25":3,"26":3,"27":3,"28":3,"29":3,"30":3,"31":3,"32":3,"33":3,"34":3,"35":3,"36":3,"37":3,"38":3,"39":3,"40":3,"41":3,"42":3,"43":3,"44":3,"45":3,"46":3,"47":3,"48":3,"49":3,"50":3,"51":3,"52":3,"53":3,"54":3,"55":6,"56":1,"57":1,"58":1,"59":1,"60":1,"61":1,"62":1,"63":1,"64":1,"65":1,"66":1,"67":1,"68":1,"69":1,"70":1,"71":1,"72":1,"73":1,"74":1,"75":1,"76":1,"77":1,"78":1,"79":1,"80":1,"81":1,"82":1,"83":1,"84":1,"85":1,"86":1,"87":1,"88":6,"89":1,"90":1,"91":1,"92":1,"93":1,"94":1,"95":1,"96":1,"97":1,"98":1,"99":1,"100":1,"101":1,"102":1,"103":1,"104":1,"105":1,"106":1,"107":1,"108":1,"109":6},"f":{"0":6,"1":6,"2":3,"3":1,"4":1},"b":{"0":[0,6],"1":[1,5],"2":[2,3],"3":[1,2],"4":[1,1],"5":[0,1],"6":[0,1]},"meta":{"lastBranch":7,"lastFunction":5,"lastStatement":110,"seen":{"s:11:13:226:Infinity":0,"f:11:13:11:68":0,"s:12:20:12:Infinity":1,"s:14:2:43:Infinity":2,"f:14:2:14:18":1,"s:15:19:15:Infinity":3,"b:16:4:16:Infinity:undefined:undefined:undefined:undefined":0,"s:16:4:16:Infinity":4,"s:16:17:16:Infinity":5,"s:18:16:18:Infinity":6,"b:19:4:19:Infinity:undefined:undefined:undefined:undefined":1,"s:19:4:19:Infinity":7,"s:19:14:19:Infinity":8,"s:22:4:22:Infinity":9,"s:25:4:25:Infinity":10,"s:26:4:26:Infinity":11,"s:29:4:29:Infinity":12,"s:31:17:31:Infinity":13,"s:32:17:32:Infinity":14,"b:34:4:42:Infinity:36:11:42:Infinity":2,"s:34:4:42:Infinity":15,"s:35:6:35:Infinity":16,"b:36:11:42:Infinity:38:11:42:Infinity":3,"s:36:11:42:Infinity":17,"s:37:6:37:Infinity":18,"b:38:11:42:Infinity:40:11:42:Infinity":4,"s:38:11:42:Infinity":19,"s:39:6:39:Infinity":20,"s:41:6:41:Infinity":21,"s:46:8:117:Infinity":22,"f:46:8:46:27":2,"s:47:18:47:Infinity":23,"s:48:19:48:Infinity":24,"s:49:19:49:Infinity":25,"s:51:14:51:Infinity":26,"s:52:14:52:Infinity":27,"s:55:4:55:Infinity":28,"s:56:4:56:Infinity":29,"s:57:4:57:Infinity":30,"s:60:4:60:Infinity":31,"s:61:4:61:Infinity":32,"s:64:4:64:Infinity":33,"s:65:4:65:Infinity":34,"s:66:4:66:Infinity":35,"s:67:4:67:Infinity":36,"s:68:4:68:Infinity":37,"s:71:4:71:Infinity":38,"s:72:4:72:Infinity":39,"s:75:4:75:Infinity":40,"s:78:4:78:Infinity":41,"s:79:4:79:Infinity":42,"s:80:4:80:Infinity":43,"s:83:4:83:Infinity":44,"s:84:4:84:Infinity":45,"s:85:4:85:Infinity":46,"s:86:4:86:Infinity":47,"s:87:4:87:Infinity":48,"s:88:4:88:Infinity":49,"s:89:4:89:Infinity":50,"s:90:4:90:Infinity":51,"s:93:4:99:Infinity":52,"s:101:4:107:Infinity":53,"s:109:4:116:Infinity":54,"s:120:8:179:Infinity":55,"f:120:8:120:Infinity":3,"s:128:18:128:Infinity":56,"s:129:19:129:Infinity":57,"s:130:19:130:Infinity":58,"s:132:14:132:Infinity":59,"s:133:14:133:Infinity":60,"s:136:4:136:Infinity":61,"s:137:4:137:Infinity":62,"s:138:4:138:Infinity":63,"s:139:4:139:Infinity":64,"s:140:4:140:Infinity":65,"s:141:4:141:Infinity":66,"s:142:4:142:Infinity":67,"s:143:4:143:Infinity":68,"s:144:4:144:Infinity":69,"s:147:4:147:Infinity":70,"s:148:4:148:Infinity":71,"s:151:4:151:Infinity":72,"s:152:4:152:Infinity":73,"s:155:17:155:Infinity":74,"b:155:32:155:61:155:61:155:Infinity":5,"s:156:4:156:Infinity":75,"s:157:4:157:Infinity":76,"s:158:4:158:Infinity":77,"s:159:4:159:Infinity":78,"s:162:4:162:Infinity":79,"s:163:4:163:Infinity":80,"s:164:4:164:Infinity":81,"s:165:4:165:Infinity":82,"s:166:4:166:Infinity":83,"s:167:4:167:Infinity":84,"s:168:4:168:Infinity":85,"s:169:4:169:Infinity":86,"s:172:4:178:Infinity":87,"s:182:8:219:Infinity":88,"f:182:8:182:31":4,"s:183:18:183:Infinity":89,"s:184:19:184:Infinity":90,"s:185:19:185:Infinity":91,"s:187:14:187:Infinity":92,"s:188:14:188:Infinity":93,"s:191:4:191:Infinity":94,"s:192:4:192:Infinity":95,"s:193:4:193:Infinity":96,"s:194:4:194:Infinity":97,"s:195:4:195:Infinity":98,"s:196:4:196:Infinity":99,"s:197:4:197:Infinity":100,"s:198:4:198:Infinity":101,"s:201:4:201:Infinity":102,"s:202:4:202:Infinity":103,"s:203:4:203:Infinity":104,"s:206:17:206:Infinity":105,"b:206:32:206:61:206:61:206:Infinity":6,"s:207:4:207:Infinity":106,"s:208:4:208:Infinity":107,"s:211:4:218:Infinity":108,"s:221:2:224:Infinity":109},"fnNames":{}}}
,"/Users/rex-fab-alt/Documents/code/playground/van-plan/src/components/2d/BlueprintControls.tsx": {"path":"/Users/rex-fab-alt/Documents/code/playground/van-plan/src/components/2d/BlueprintControls.tsx","statementMap":{"0":{"start":{"line":10,"column":13},"end":{"line":56,"column":null}},"1":{"start":{"line":11,"column":2},"end":{"line":54,"column":null}},"2":{"start":{"line":17,"column":25},"end":{"line":17,"column":null}},"3":{"start":{"line":25,"column":25},"end":{"line":25,"column":null}},"4":{"start":{"line":33,"column":25},"end":{"line":33,"column":null}}},"fnMap":{"0":{"name":"(anonymous_0)","decl":{"start":{"line":10,"column":13},"end":{"line":10,"column":68}},"loc":{"start":{"line":10,"column":105},"end":{"line":56,"column":null}},"line":10},"1":{"name":"(anonymous_1)","decl":{"start":{"line":17,"column":10},"end":{"line":17,"column":25}},"loc":{"start":{"line":17,"column":25},"end":{"line":17,"column":null}},"line":17},"2":{"name":"(anonymous_2)","decl":{"start":{"line":25,"column":10},"end":{"line":25,"column":25}},"loc":{"start":{"line":25,"column":25},"end":{"line":25,"column":null}},"line":25},"3":{"name":"(anonymous_3)","decl":{"start":{"line":33,"column":10},"end":{"line":33,"column":25}},"loc":{"start":{"line":33,"column":25},"end":{"line":33,"column":null}},"line":33}},"branchMap":{"0":{"loc":{"start":{"line":16,"column":31},"end":{"line":16,"column":null}},"type":"cond-expr","locations":[{"start":{"line":16,"column":68},"end":{"line":16,"column":79}},{"start":{"line":16,"column":79},"end":{"line":16,"column":null}}],"line":16},"1":{"loc":{"start":{"line":24,"column":31},"end":{"line":24,"column":null}},"type":"cond-expr","locations":[{"start":{"line":24,"column":67},"end":{"line":24,"column":78}},{"start":{"line":24,"column":78},"end":{"line":24,"column":null}}],"line":24},"2":{"loc":{"start":{"line":32,"column":31},"end":{"line":32,"column":null}},"type":"cond-expr","locations":[{"start":{"line":32,"column":67},"end":{"line":32,"column":78}},{"start":{"line":32,"column":78},"end":{"line":32,"column":null}}],"line":32}},"s":{"0":2,"1":2,"2":1,"3":1,"4":1},"f":{"0":2,"1":1,"2":1,"3":1},"b":{"0":[2,0],"1":[0,2],"2":[0,2]},"meta":{"lastBranch":3,"lastFunction":4,"lastStatement":5,"seen":{"s:10:13:56:Infinity":0,"f:10:13:10:68":0,"s:11:2:54:Infinity":1,"b:16:68:16:79:16:79:16:Infinity":0,"f:17:10:17:25":1,"s:17:25:17:Infinity":2,"b:24:67:24:78:24:78:24:Infinity":1,"f:25:10:25:25":2,"s:25:25:25:Infinity":3,"b:32:67:32:78:32:78:32:Infinity":2,"f:33:10:33:25":3,"s:33:25:33:Infinity":4},"fnNames":{}}}
,"/Users/rex-fab-alt/Documents/code/playground/van-plan/src/components/3d/ControlsOverlay3D.tsx": {"path":"/Users/rex-fab-alt/Documents/code/playground/van-plan/src/components/3d/ControlsOverlay3D.tsx","statementMap":{"0":{"start":{"line":16,"column":13},"end":{"line":152,"column":null}},"1":{"start":{"line":26,"column":2},"end":{"line":150,"column":null}},"2":{"start":{"line":33,"column":27},"end":{"line":33,"column":null}},"3":{"start":{"line":41,"column":27},"end":{"line":41,"column":null}},"4":{"start":{"line":48,"column":27},"end":{"line":48,"column":null}},"5":{"start":{"line":55,"column":27},"end":{"line":55,"column":null}},"6":{"start":{"line":62,"column":27},"end":{"line":62,"column":null}},"7":{"start":{"line":69,"column":27},"end":{"line":69,"column":null}},"8":{"start":{"line":130,"column":27},"end":{"line":130,"column":null}},"9":{"start":{"line":137,"column":27},"end":{"line":137,"column":null}},"10":{"start":{"line":144,"column":27},"end":{"line":144,"column":null}}},"fnMap":{"0":{"name":"(anonymous_0)","decl":{"start":{"line":16,"column":13},"end":{"line":16,"column":68}},"loc":{"start":{"line":25,"column":6},"end":{"line":152,"column":null}},"line":25},"1":{"name":"(anonymous_1)","decl":{"start":{"line":33,"column":12},"end":{"line":33,"column":27}},"loc":{"start":{"line":33,"column":27},"end":{"line":33,"column":null}},"line":33},"2":{"name":"(anonymous_2)","decl":{"start":{"line":41,"column":12},"end":{"line":41,"column":27}},"loc":{"start":{"line":41,"column":27},"end":{"line":41,"column":null}},"line":41},"3":{"name":"(anonymous_3)","decl":{"start":{"line":48,"column":12},"end":{"line":48,"column":27}},"loc":{"start":{"line":48,"column":27},"end":{"line":48,"column":null}},"line":48},"4":{"name":"(anonymous_4)","decl":{"start":{"line":55,"column":12},"end":{"line":55,"column":27}},"loc":{"start":{"line":55,"column":27},"end":{"line":55,"column":null}},"line":55},"5":{"name":"(anonymous_5)","decl":{"start":{"line":62,"column":12},"end":{"line":62,"column":27}},"loc":{"start":{"line":62,"column":27},"end":{"line":62,"column":null}},"line":62},"6":{"name":"(anonymous_6)","decl":{"start":{"line":69,"column":12},"end":{"line":69,"column":27}},"loc":{"start":{"line":69,"column":27},"end":{"line":69,"column":null}},"line":69},"7":{"name":"(anonymous_7)","decl":{"start":{"line":130,"column":12},"end":{"line":130,"column":27}},"loc":{"start":{"line":130,"column":27},"end":{"line":130,"column":null}},"line":130},"8":{"name":"(anonymous_8)","decl":{"start":{"line":137,"column":12},"end":{"line":137,"column":27}},"loc":{"start":{"line":137,"column":27},"end":{"line":137,"column":null}},"line":137},"9":{"name":"(anonymous_9)","decl":{"start":{"line":144,"column":12},"end":{"line":144,"column":27}},"loc":{"start":{"line":144,"column":27},"end":{"line":144,"column":null}},"line":144}},"branchMap":{"0":{"loc":{"start":{"line":32,"column":35},"end":{"line":32,"column":null}},"type":"cond-expr","locations":[{"start":{"line":32,"column":69},"end":{"line":32,"column":80}},{"start":{"line":32,"column":80},"end":{"line":32,"column":null}}],"line":32},"1":{"loc":{"start":{"line":40,"column":35},"end":{"line":40,"column":null}},"type":"cond-expr","locations":[{"start":{"line":40,"column":69},"end":{"line":40,"column":80}},{"start":{"line":40,"column":80},"end":{"line":40,"column":null}}],"line":40},"2":{"loc":{"start":{"line":47,"column":35},"end":{"line":47,"column":null}},"type":"cond-expr","locations":[{"start":{"line":47,"column":70},"end":{"line":47,"column":81}},{"start":{"line":47,"column":81},"end":{"line":47,"column":null}}],"line":47},"3":{"loc":{"start":{"line":54,"column":35},"end":{"line":54,"column":null}},"type":"cond-expr","locations":[{"start":{"line":54,"column":72},"end":{"line":54,"column":83}},{"start":{"line":54,"column":83},"end":{"line":54,"column":null}}],"line":54},"4":{"loc":{"start":{"line":61,"column":35},"end":{"line":61,"column":null}},"type":"cond-expr","locations":[{"start":{"line":61,"column":73},"end":{"line":61,"column":84}},{"start":{"line":61,"column":84},"end":{"line":61,"column":null}}],"line":61},"5":{"loc":{"start":{"line":68,"column":35},"end":{"line":68,"column":null}},"type":"cond-expr","locations":[{"start":{"line":68,"column":69},"end":{"line":68,"column":80}},{"start":{"line":68,"column":80},"end":{"line":68,"column":null}}],"line":68},"6":{"loc":{"start":{"line":83,"column":42},"end":{"line":83,"column":null}},"type":"cond-expr","locations":[{"start":{"line":83,"column":69},"end":{"line":83,"column":87}},{"start":{"line":83,"column":87},"end":{"line":83,"column":null}}],"line":83},"7":{"loc":{"start":{"line":87,"column":28},"end":{"line":87,"column":null}},"type":"cond-expr","locations":[{"start":{"line":87,"column":55},"end":{"line":87,"column":65}},{"start":{"line":87,"column":65},"end":{"line":87,"column":null}}],"line":87},"8":{"loc":{"start":{"line":91,"column":42},"end":{"line":91,"column":null}},"type":"cond-expr","locations":[{"start":{"line":91,"column":67},"end":{"line":91,"column":85}},{"start":{"line":91,"column":85},"end":{"line":91,"column":null}}],"line":91},"9":{"loc":{"start":{"line":95,"column":25},"end":{"line":95,"column":null}},"type":"cond-expr","locations":[{"start":{"line":95,"column":50},"end":{"line":95,"column":60}},{"start":{"line":95,"column":60},"end":{"line":95,"column":null}}],"line":95},"10":{"loc":{"start":{"line":99,"column":42},"end":{"line":99,"column":null}},"type":"cond-expr","locations":[{"start":{"line":99,"column":64},"end":{"line":99,"column":82}},{"start":{"line":99,"column":82},"end":{"line":99,"column":null}}],"line":99},"11":{"loc":{"start":{"line":102,"column":24},"end":{"line":102,"column":null}},"type":"cond-expr","locations":[{"start":{"line":102,"column":46},"end":{"line":102,"column":56}},{"start":{"line":102,"column":56},"end":{"line":102,"column":null}}],"line":102},"12":{"loc":{"start":{"line":106,"column":42},"end":{"line":106,"column":null}},"type":"cond-expr","locations":[{"start":{"line":106,"column":71},"end":{"line":106,"column":89}},{"start":{"line":106,"column":89},"end":{"line":106,"column":null}}],"line":106},"13":{"loc":{"start":{"line":110,"column":20},"end":{"line":110,"column":null}},"type":"cond-expr","locations":[{"start":{"line":110,"column":49},"end":{"line":110,"column":69}},{"start":{"line":110,"column":69},"end":{"line":110,"column":null}}],"line":110},"14":{"loc":{"start":{"line":114,"column":42},"end":{"line":114,"column":null}},"type":"cond-expr","locations":[{"start":{"line":114,"column":66},"end":{"line":114,"column":84}},{"start":{"line":114,"column":84},"end":{"line":114,"column":null}}],"line":114},"15":{"loc":{"start":{"line":118,"column":22},"end":{"line":118,"column":null}},"type":"cond-expr","locations":[{"start":{"line":118,"column":46},"end":{"line":118,"column":68}},{"start":{"line":118,"column":68},"end":{"line":118,"column":null}}],"line":118},"16":{"loc":{"start":{"line":129,"column":35},"end":{"line":129,"column":null}},"type":"cond-expr","locations":[{"start":{"line":129,"column":70},"end":{"line":129,"column":81}},{"start":{"line":129,"column":81},"end":{"line":129,"column":null}}],"line":129},"17":{"loc":{"start":{"line":136,"column":35},"end":{"line":136,"column":null}},"type":"cond-expr","locations":[{"start":{"line":136,"column":74},"end":{"line":136,"column":85}},{"start":{"line":136,"column":85},"end":{"line":136,"column":null}}],"line":136},"18":{"loc":{"start":{"line":143,"column":35},"end":{"line":143,"column":null}},"type":"cond-expr","locations":[{"start":{"line":143,"column":73},"end":{"line":143,"column":84}},{"start":{"line":143,"column":84},"end":{"line":143,"column":null}}],"line":143}},"s":{"0":2,"1":2,"2":1,"3":1,"4":1,"5":1,"6":1,"7":1,"8":1,"9":1,"10":1},"f":{"0":2,"1":1,"2":1,"3":1,"4":1,"5":1,"6":1,"7":1,"8":1,"9":1},"b":{"0":[2,0],"1":[0,2],"2":[0,2],"3":[0,2],"4":[0,2],"5":[0,2],"6":[1,1],"7":[1,1],"8":[1,1],"9":[1,1],"10":[1,1],"11":[1,1],"12":[1,1],"13":[1,1],"14":[1,1],"15":[1,1],"16":[2,0],"17":[0,2],"18":[0,2]},"meta":{"lastBranch":19,"lastFunction":10,"lastStatement":11,"seen":{"s:16:13:152:Infinity":0,"f:16:13:16:68":0,"s:26:2:150:Infinity":1,"b:32:69:32:80:32:80:32:Infinity":0,"f:33:12:33:27":1,"s:33:27:33:Infinity":2,"b:40:69:40:80:40:80:40:Infinity":1,"f:41:12:41:27":2,"s:41:27:41:Infinity":3,"b:47:70:47:81:47:81:47:Infinity":2,"f:48:12:48:27":3,"s:48:27:48:Infinity":4,"b:54:72:54:83:54:83:54:Infinity":3,"f:55:12:55:27":4,"s:55:27:55:Infinity":5,"b:61:73:61:84:61:84:61:Infinity":4,"f:62:12:62:27":5,"s:62:27:62:Infinity":6,"b:68:69:68:80:68:80:68:Infinity":5,"f:69:12:69:27":6,"s:69:27:69:Infinity":7,"b:83:69:83:87:83:87:83:Infinity":6,"b:87:55:87:65:87:65:87:Infinity":7,"b:91:67:91:85:91:85:91:Infinity":8,"b:95:50:95:60:95:60:95:Infinity":9,"b:99:64:99:82:99:82:99:Infinity":10,"b:102:46:102:56:102:56:102:Infinity":11,"b:106:71:106:89:106:89:106:Infinity":12,"b:110:49:110:69:110:69:110:Infinity":13,"b:114:66:114:84:114:84:114:Infinity":14,"b:118:46:118:68:118:68:118:Infinity":15,"b:129:70:129:81:129:81:129:Infinity":16,"f:130:12:130:27":7,"s:130:27:130:Infinity":8,"b:136:74:136:85:136:85:136:Infinity":17,"f:137:12:137:27":8,"s:137:27:137:Infinity":9,"b:143:73:143:84:143:84:143:Infinity":18,"f:144:12:144:27":9,"s:144:27:144:Infinity":10},"fnNames":{}}}
,"/Users/rex-fab-alt/Documents/code/playground/van-plan/src/components/3d/Van3DCanvas.tsx": {"path":"/Users/rex-fab-alt/Documents/code/playground/van-plan/src/components/3d/Van3DCanvas.tsx","statementMap":{"0":{"start":{"line":15,"column":13},"end":{"line":491,"column":null}},"1":{"start":{"line":16,"column":19},"end":{"line":16,"column":null}},"2":{"start":{"line":17,"column":40},"end":{"line":17,"column":null}},"3":{"start":{"line":20,"column":19},"end":{"line":20,"column":null}},"4":{"start":{"line":21,"column":20},"end":{"line":21,"column":null}},"5":{"start":{"line":22,"column":22},"end":{"line":22,"column":null}},"6":{"start":{"line":23,"column":22},"end":{"line":23,"column":null}},"7":{"start":{"line":26,"column":27},"end":{"line":26,"column":null}},"8":{"start":{"line":27,"column":25},"end":{"line":27,"column":null}},"9":{"start":{"line":28,"column":26},"end":{"line":28,"column":null}},"10":{"start":{"line":29,"column":27},"end":{"line":29,"column":null}},"11":{"start":{"line":30,"column":26},"end":{"line":30,"column":null}},"12":{"start":{"line":31,"column":24},"end":{"line":31,"column":null}},"13":{"start":{"line":32,"column":22},"end":{"line":32,"column":null}},"14":{"start":{"line":33,"column":23},"end":{"line":33,"column":null}},"15":{"start":{"line":34,"column":28},"end":{"line":34,"column":null}},"16":{"start":{"line":37,"column":2},"end":{"line":181,"column":null}},"17":{"start":{"line":38,"column":22},"end":{"line":38,"column":null}},"18":{"start":{"line":39,"column":4},"end":{"line":39,"column":null}},"19":{"start":{"line":39,"column":20},"end":{"line":39,"column":null}},"20":{"start":{"line":41,"column":18},"end":{"line":41,"column":null}},"21":{"start":{"line":42,"column":19},"end":{"line":42,"column":null}},"22":{"start":{"line":45,"column":18},"end":{"line":45,"column":null}},"23":{"start":{"line":46,"column":4},"end":{"line":46,"column":null}},"24":{"start":{"line":47,"column":4},"end":{"line":47,"column":null}},"25":{"start":{"line":48,"column":4},"end":{"line":48,"column":null}},"26":{"start":{"line":51,"column":19},"end":{"line":51,"column":null}},"27":{"start":{"line":52,"column":4},"end":{"line":52,"column":null}},"28":{"start":{"line":53,"column":4},"end":{"line":53,"column":null}},"29":{"start":{"line":56,"column":21},"end":{"line":56,"column":null}},"30":{"start":{"line":57,"column":4},"end":{"line":57,"column":null}},"31":{"start":{"line":58,"column":4},"end":{"line":58,"column":null}},"32":{"start":{"line":59,"column":4},"end":{"line":59,"column":null}},"33":{"start":{"line":60,"column":4},"end":{"line":60,"column":null}},"34":{"start":{"line":61,"column":4},"end":{"line":61,"column":null}},"35":{"start":{"line":62,"column":4},"end":{"line":62,"column":null}},"36":{"start":{"line":63,"column":4},"end":{"line":63,"column":null}},"37":{"start":{"line":66,"column":21},"end":{"line":66,"column":null}},"38":{"start":{"line":67,"column":4},"end":{"line":67,"column":null}},"39":{"start":{"line":68,"column":4},"end":{"line":68,"column":null}},"40":{"start":{"line":69,"column":4},"end":{"line":69,"column":null}},"41":{"start":{"line":70,"column":4},"end":{"line":70,"column":null}},"42":{"start":{"line":71,"column":4},"end":{"line":71,"column":null}},"43":{"start":{"line":72,"column":4},"end":{"line":72,"column":null}},"44":{"start":{"line":75,"column":25},"end":{"line":75,"column":null}},"45":{"start":{"line":76,"column":4},"end":{"line":76,"column":null}},"46":{"start":{"line":78,"column":20},"end":{"line":78,"column":null}},"47":{"start":{"line":79,"column":4},"end":{"line":79,"column":null}},"48":{"start":{"line":80,"column":4},"end":{"line":80,"column":null}},"49":{"start":{"line":81,"column":4},"end":{"line":81,"column":null}},"50":{"start":{"line":82,"column":4},"end":{"line":82,"column":null}},"51":{"start":{"line":83,"column":4},"end":{"line":83,"column":null}},"52":{"start":{"line":85,"column":25},"end":{"line":85,"column":null}},"53":{"start":{"line":86,"column":4},"end":{"line":86,"column":null}},"54":{"start":{"line":87,"column":4},"end":{"line":87,"column":null}},"55":{"start":{"line":90,"column":23},"end":{"line":90,"column":null}},"56":{"start":{"line":91,"column":4},"end":{"line":91,"column":null}},"57":{"start":{"line":92,"column":4},"end":{"line":92,"column":null}},"58":{"start":{"line":95,"column":4},"end":{"line":95,"column":null}},"59":{"start":{"line":100,"column":10},"end":{"line":157,"column":null}},"60":{"start":{"line":101,"column":6},"end":{"line":101,"column":null}},"61":{"start":{"line":104,"column":6},"end":{"line":107,"column":null}},"62":{"start":{"line":105,"column":24},"end":{"line":105,"column":null}},"63":{"start":{"line":106,"column":8},"end":{"line":106,"column":null}},"64":{"start":{"line":110,"column":6},"end":{"line":113,"column":null}},"65":{"start":{"line":111,"column":24},"end":{"line":111,"column":null}},"66":{"start":{"line":112,"column":8},"end":{"line":112,"column":null}},"67":{"start":{"line":116,"column":6},"end":{"line":120,"column":null}},"68":{"start":{"line":117,"column":27},"end":{"line":117,"column":null}},"69":{"start":{"line":118,"column":8},"end":{"line":118,"column":null}},"70":{"start":{"line":119,"column":8},"end":{"line":119,"column":null}},"71":{"start":{"line":123,"column":6},"end":{"line":132,"column":null}},"72":{"start":{"line":124,"column":24},"end":{"line":124,"column":null}},"73":{"start":{"line":125,"column":24},"end":{"line":125,"column":null}},"74":{"start":{"line":126,"column":8},"end":{"line":126,"column":null}},"75":{"start":{"line":127,"column":8},"end":{"line":127,"column":null}},"76":{"start":{"line":129,"column":8},"end":{"line":131,"column":null}},"77":{"start":{"line":130,"column":10},"end":{"line":130,"column":null}},"78":{"start":{"line":135,"column":6},"end":{"line":147,"column":null}},"79":{"start":{"line":136,"column":24},"end":{"line":136,"column":null}},"80":{"start":{"line":137,"column":8},"end":{"line":137,"column":null}},"81":{"start":{"line":140,"column":8},"end":{"line":146,"column":null}},"82":{"start":{"line":141,"column":25},"end":{"line":144,"column":null}},"83":{"start":{"line":145,"column":10},"end":{"line":145,"column":null}},"84":{"start":{"line":150,"column":6},"end":{"line":153,"column":null}},"85":{"start":{"line":151,"column":23},"end":{"line":151,"column":null}},"86":{"start":{"line":152,"column":8},"end":{"line":152,"column":null}},"87":{"start":{"line":155,"column":6},"end":{"line":155,"column":null}},"88":{"start":{"line":156,"column":6},"end":{"line":156,"column":null}},"89":{"start":{"line":159,"column":4},"end":{"line":159,"column":null}},"90":{"start":{"line":162,"column":10},"end":{"line":169,"column":null}},"91":{"start":{"line":163,"column":6},"end":{"line":163,"column":null}},"92":{"start":{"line":163,"column":46},"end":{"line":163,"column":null}},"93":{"start":{"line":164,"column":16},"end":{"line":164,"column":null}},"94":{"start":{"line":165,"column":16},"end":{"line":165,"column":null}},"95":{"start":{"line":166,"column":6},"end":{"line":166,"column":null}},"96":{"start":{"line":167,"column":6},"end":{"line":167,"column":null}},"97":{"start":{"line":168,"column":6},"end":{"line":168,"column":null}},"98":{"start":{"line":171,"column":4},"end":{"line":171,"column":null}},"99":{"start":{"line":173,"column":4},"end":{"line":180,"column":null}},"100":{"start":{"line":174,"column":6},"end":{"line":174,"column":null}},"101":{"start":{"line":175,"column":6},"end":{"line":175,"column":null}},"102":{"start":{"line":176,"column":6},"end":{"line":178,"column":null}},"103":{"start":{"line":177,"column":8},"end":{"line":177,"column":null}},"104":{"start":{"line":179,"column":6},"end":{"line":179,"column":null}},"105":{"start":{"line":184,"column":2},"end":{"line":231,"column":null}},"106":{"start":{"line":185,"column":4},"end":{"line":185,"column":null}},"107":{"start":{"line":185,"column":73},"end":{"line":185,"column":null}},"108":{"start":{"line":188,"column":4},"end":{"line":198,"column":null}},"109":{"start":{"line":189,"column":6},"end":{"line":197,"column":null}},"110":{"start":{"line":190,"column":8},"end":{"line":196,"column":null}},"111":{"start":{"line":191,"column":10},"end":{"line":191,"column":null}},"112":{"start":{"line":192,"column":10},"end":{"line":192,"column":null}},"113":{"start":{"line":193,"column":15},"end":{"line":196,"column":null}},"114":{"start":{"line":194,"column":23},"end":{"line":194,"column":null}},"115":{"start":{"line":195,"column":10},"end":{"line":195,"column":null}},"116":{"start":{"line":195,"column":31},"end":{"line":195,"column":82}},"117":{"start":{"line":201,"column":19},"end":{"line":201,"column":null}},"118":{"start":{"line":202,"column":21},"end":{"line":202,"column":null}},"119":{"start":{"line":204,"column":4},"end":{"line":229,"column":null}},"120":{"start":{"line":206,"column":8},"end":{"line":206,"column":null}},"121":{"start":{"line":207,"column":8},"end":{"line":207,"column":null}},"122":{"start":{"line":208,"column":8},"end":{"line":208,"column":null}},"123":{"start":{"line":210,"column":8},"end":{"line":210,"column":null}},"124":{"start":{"line":211,"column":8},"end":{"line":211,"column":null}},"125":{"start":{"line":212,"column":8},"end":{"line":212,"column":null}},"126":{"start":{"line":214,"column":8},"end":{"line":214,"column":null}},"127":{"start":{"line":215,"column":8},"end":{"line":215,"column":null}},"128":{"start":{"line":216,"column":8},"end":{"line":216,"column":null}},"129":{"start":{"line":218,"column":8},"end":{"line":218,"column":null}},"130":{"start":{"line":219,"column":8},"end":{"line":219,"column":null}},"131":{"start":{"line":220,"column":8},"end":{"line":220,"column":null}},"132":{"start":{"line":222,"column":8},"end":{"line":222,"column":null}},"133":{"start":{"line":223,"column":8},"end":{"line":223,"column":null}},"134":{"start":{"line":224,"column":8},"end":{"line":224,"column":null}},"135":{"start":{"line":226,"column":8},"end":{"line":226,"column":null}},"136":{"start":{"line":227,"column":8},"end":{"line":227,"column":null}},"137":{"start":{"line":228,"column":8},"end":{"line":228,"column":null}},"138":{"start":{"line":230,"column":4},"end":{"line":230,"column":null}},"139":{"start":{"line":234,"column":8},"end":{"line":478,"column":null}},"140":{"start":{"line":235,"column":4},"end":{"line":235,"column":null}},"141":{"start":{"line":238,"column":21},"end":{"line":238,"column":null}},"142":{"start":{"line":239,"column":21},"end":{"line":239,"column":null}},"143":{"start":{"line":240,"column":20},"end":{"line":240,"column":null}},"144":{"start":{"line":241,"column":20},"end":{"line":241,"column":null}},"145":{"start":{"line":242,"column":21},"end":{"line":242,"column":null}},"146":{"start":{"line":243,"column":23},"end":{"line":243,"column":null}},"147":{"start":{"line":244,"column":23},"end":{"line":244,"column":null}},"148":{"start":{"line":245,"column":25},"end":{"line":245,"column":null}},"149":{"start":{"line":246,"column":24},"end":{"line":246,"column":null}},"150":{"start":{"line":247,"column":24},"end":{"line":247,"column":null}},"151":{"start":{"line":248,"column":22},"end":{"line":248,"column":null}},"152":{"start":{"line":251,"column":23},"end":{"line":251,"column":null}},"153":{"start":{"line":254,"column":22},"end":{"line":254,"column":48}},"154":{"start":{"line":255,"column":22},"end":{"line":255,"column":null}},"155":{"start":{"line":256,"column":23},"end":{"line":256,"column":null}},"156":{"start":{"line":257,"column":4},"end":{"line":257,"column":null}},"157":{"start":{"line":258,"column":4},"end":{"line":258,"column":null}},"158":{"start":{"line":259,"column":4},"end":{"line":259,"column":null}},"159":{"start":{"line":260,"column":4},"end":{"line":260,"column":null}},"160":{"start":{"line":263,"column":22},"end":{"line":263,"column":null}},"161":{"start":{"line":264,"column":4},"end":{"line":264,"column":null}},"162":{"start":{"line":265,"column":4},"end":{"line":265,"column":null}},"163":{"start":{"line":266,"column":4},"end":{"line":266,"column":null}},"164":{"start":{"line":269,"column":23},"end":{"line":269,"column":55}},"165":{"start":{"line":270,"column":4},"end":{"line":270,"column":null}},"166":{"start":{"line":273,"column":24},"end":{"line":273,"column":47}},"167":{"start":{"line":274,"column":4},"end":{"line":274,"column":null}},"168":{"start":{"line":277,"column":18},"end":{"line":277,"column":null}},"169":{"start":{"line":278,"column":4},"end":{"line":278,"column":null}},"170":{"start":{"line":279,"column":4},"end":{"line":279,"column":null}},"171":{"start":{"line":281,"column":18},"end":{"line":281,"column":null}},"172":{"start":{"line":282,"column":4},"end":{"line":282,"column":null}},"173":{"start":{"line":283,"column":4},"end":{"line":283,"column":null}},"174":{"start":{"line":285,"column":4},"end":{"line":285,"column":null}},"175":{"start":{"line":288,"column":22},"end":{"line":288,"column":null}},"176":{"start":{"line":289,"column":21},"end":{"line":289,"column":null}},"177":{"start":{"line":290,"column":4},"end":{"line":290,"column":null}},"178":{"start":{"line":291,"column":4},"end":{"line":291,"column":null}},"179":{"start":{"line":292,"column":4},"end":{"line":292,"column":null}},"180":{"start":{"line":295,"column":25},"end":{"line":295,"column":null}},"181":{"start":{"line":296,"column":26},"end":{"line":296,"column":null}},"182":{"start":{"line":297,"column":4},"end":{"line":297,"column":null}},"183":{"start":{"line":298,"column":4},"end":{"line":298,"column":null}},"184":{"start":{"line":299,"column":4},"end":{"line":299,"column":null}},"185":{"start":{"line":300,"column":4},"end":{"line":300,"column":null}},"186":{"start":{"line":301,"column":4},"end":{"line":301,"column":null}},"187":{"start":{"line":303,"column":4},"end":{"line":303,"column":null}},"188":{"start":{"line":306,"column":22},"end":{"line":306,"column":null}},"189":{"start":{"line":309,"column":21},"end":{"line":309,"column":null}},"190":{"start":{"line":310,"column":4},"end":{"line":310,"column":null}},"191":{"start":{"line":311,"column":4},"end":{"line":311,"column":null}},"192":{"start":{"line":314,"column":20},"end":{"line":314,"column":null}},"193":{"start":{"line":315,"column":4},"end":{"line":315,"column":null}},"194":{"start":{"line":316,"column":4},"end":{"line":316,"column":null}},"195":{"start":{"line":319,"column":21},"end":{"line":319,"column":null}},"196":{"start":{"line":320,"column":4},"end":{"line":320,"column":null}},"197":{"start":{"line":321,"column":4},"end":{"line":321,"column":null}},"198":{"start":{"line":322,"column":4},"end":{"line":322,"column":null}},"199":{"start":{"line":324,"column":4},"end":{"line":324,"column":null}},"200":{"start":{"line":327,"column":4},"end":{"line":331,"column":null}},"201":{"start":{"line":334,"column":27},"end":{"line":334,"column":null}},"202":{"start":{"line":335,"column":4},"end":{"line":335,"column":null}},"203":{"start":{"line":336,"column":4},"end":{"line":336,"column":null}},"204":{"start":{"line":337,"column":4},"end":{"line":337,"column":null}},"205":{"start":{"line":340,"column":22},"end":{"line":340,"column":null}},"206":{"start":{"line":343,"column":18},"end":{"line":343,"column":null}},"207":{"start":{"line":344,"column":4},"end":{"line":344,"column":null}},"208":{"start":{"line":345,"column":4},"end":{"line":345,"column":null}},"209":{"start":{"line":346,"column":4},"end":{"line":346,"column":null}},"210":{"start":{"line":349,"column":18},"end":{"line":349,"column":null}},"211":{"start":{"line":350,"column":4},"end":{"line":350,"column":null}},"212":{"start":{"line":351,"column":4},"end":{"line":351,"column":null}},"213":{"start":{"line":352,"column":4},"end":{"line":352,"column":null}},"214":{"start":{"line":354,"column":4},"end":{"line":354,"column":null}},"215":{"start":{"line":357,"column":24},"end":{"line":357,"column":null}},"216":{"start":{"line":360,"column":19},"end":{"line":360,"column":null}},"217":{"start":{"line":361,"column":4},"end":{"line":361,"column":null}},"218":{"start":{"line":362,"column":4},"end":{"line":362,"column":null}},"219":{"start":{"line":363,"column":4},"end":{"line":363,"column":null}},"220":{"start":{"line":365,"column":21},"end":{"line":365,"column":null}},"221":{"start":{"line":366,"column":4},"end":{"line":366,"column":null}},"222":{"start":{"line":367,"column":4},"end":{"line":367,"column":null}},"223":{"start":{"line":370,"column":19},"end":{"line":370,"column":null}},"224":{"start":{"line":371,"column":4},"end":{"line":371,"column":null}},"225":{"start":{"line":372,"column":4},"end":{"line":372,"column":null}},"226":{"start":{"line":373,"column":4},"end":{"line":373,"column":null}},"227":{"start":{"line":375,"column":21},"end":{"line":375,"column":null}},"228":{"start":{"line":376,"column":4},"end":{"line":376,"column":null}},"229":{"start":{"line":377,"column":4},"end":{"line":377,"column":null}},"230":{"start":{"line":380,"column":21},"end":{"line":380,"column":null}},"231":{"start":{"line":381,"column":4},"end":{"line":381,"column":null}},"232":{"start":{"line":382,"column":4},"end":{"line":382,"column":null}},"233":{"start":{"line":383,"column":4},"end":{"line":383,"column":null}},"234":{"start":{"line":385,"column":21},"end":{"line":385,"column":null}},"235":{"start":{"line":386,"column":4},"end":{"line":386,"column":null}},"236":{"start":{"line":387,"column":4},"end":{"line":387,"column":null}},"237":{"start":{"line":389,"column":4},"end":{"line":389,"column":null}},"238":{"start":{"line":391,"column":4},"end":{"line":395,"column":null}},"239":{"start":{"line":398,"column":25},"end":{"line":398,"column":null}},"240":{"start":{"line":400,"column":20},"end":{"line":400,"column":null}},"241":{"start":{"line":401,"column":4},"end":{"line":401,"column":null}},"242":{"start":{"line":402,"column":4},"end":{"line":402,"column":null}},"243":{"start":{"line":403,"column":4},"end":{"line":403,"column":null}},"244":{"start":{"line":406,"column":19},"end":{"line":406,"column":null}},"245":{"start":{"line":407,"column":4},"end":{"line":407,"column":null}},"246":{"start":{"line":408,"column":4},"end":{"line":408,"column":null}},"247":{"start":{"line":411,"column":19},"end":{"line":411,"column":null}},"248":{"start":{"line":412,"column":20},"end":{"line":412,"column":null}},"249":{"start":{"line":413,"column":4},"end":{"line":413,"column":null}},"250":{"start":{"line":414,"column":4},"end":{"line":414,"column":null}},"251":{"start":{"line":415,"column":4},"end":{"line":415,"column":null}},"252":{"start":{"line":416,"column":4},"end":{"line":416,"column":null}},"253":{"start":{"line":418,"column":4},"end":{"line":418,"column":null}},"254":{"start":{"line":419,"column":4},"end":{"line":419,"column":null}},"255":{"start":{"line":420,"column":4},"end":{"line":420,"column":null}},"256":{"start":{"line":422,"column":4},"end":{"line":426,"column":null}},"257":{"start":{"line":429,"column":21},"end":{"line":429,"column":null}},"258":{"start":{"line":432,"column":21},"end":{"line":432,"column":null}},"259":{"start":{"line":433,"column":4},"end":{"line":433,"column":null}},"260":{"start":{"line":434,"column":4},"end":{"line":434,"column":null}},"261":{"start":{"line":435,"column":4},"end":{"line":435,"column":null}},"262":{"start":{"line":438,"column":21},"end":{"line":438,"column":null}},"263":{"start":{"line":439,"column":4},"end":{"line":439,"column":null}},"264":{"start":{"line":440,"column":4},"end":{"line":440,"column":null}},"265":{"start":{"line":442,"column":4},"end":{"line":442,"column":null}},"266":{"start":{"line":443,"column":4},"end":{"line":443,"column":null}},"267":{"start":{"line":444,"column":4},"end":{"line":444,"column":null}},"268":{"start":{"line":447,"column":4},"end":{"line":447,"column":null}},"269":{"start":{"line":448,"column":20},"end":{"line":448,"column":null}},"270":{"start":{"line":449,"column":20},"end":{"line":454,"column":null}},"271":{"start":{"line":456,"column":4},"end":{"line":464,"column":null}},"272":{"start":{"line":457,"column":18},"end":{"line":460,"column":null}},"273":{"start":{"line":461,"column":19},"end":{"line":461,"column":null}},"274":{"start":{"line":462,"column":6},"end":{"line":462,"column":null}},"275":{"start":{"line":463,"column":6},"end":{"line":463,"column":null}},"276":{"start":{"line":467,"column":24},"end":{"line":467,"column":null}},"277":{"start":{"line":469,"column":20},"end":{"line":469,"column":null}},"278":{"start":{"line":470,"column":4},"end":{"line":470,"column":null}},"279":{"start":{"line":471,"column":4},"end":{"line":471,"column":null}},"280":{"start":{"line":473,"column":20},"end":{"line":473,"column":null}},"281":{"start":{"line":474,"column":4},"end":{"line":474,"column":null}},"282":{"start":{"line":475,"column":4},"end":{"line":475,"column":null}},"283":{"start":{"line":477,"column":4},"end":{"line":477,"column":null}},"284":{"start":{"line":480,"column":2},"end":{"line":489,"column":null}}},"fnMap":{"0":{"name":"(anonymous_0)","decl":{"start":{"line":15,"column":13},"end":{"line":15,"column":56}},"loc":{"start":{"line":15,"column":87},"end":{"line":491,"column":null}},"line":15},"1":{"name":"(anonymous_1)","decl":{"start":{"line":37,"column":2},"end":{"line":37,"column":18}},"loc":{"start":{"line":37,"column":18},"end":{"line":181,"column":5}},"line":37},"2":{"name":"(anonymous_2)","decl":{"start":{"line":100,"column":10},"end":{"line":100,"column":26}},"loc":{"start":{"line":100,"column":26},"end":{"line":157,"column":null}},"line":100},"3":{"name":"(anonymous_3)","decl":{"start":{"line":140,"column":29},"end":{"line":140,"column":38}},"loc":{"start":{"line":140,"column":44},"end":{"line":146,"column":9}},"line":140},"4":{"name":"(anonymous_4)","decl":{"start":{"line":150,"column":32},"end":{"line":150,"column":41}},"loc":{"start":{"line":150,"column":50},"end":{"line":153,"column":7}},"line":150},"5":{"name":"(anonymous_5)","decl":{"start":{"line":162,"column":10},"end":{"line":162,"column":31}},"loc":{"start":{"line":162,"column":31},"end":{"line":169,"column":null}},"line":162},"6":{"name":"(anonymous_6)","decl":{"start":{"line":173,"column":4},"end":{"line":173,"column":17}},"loc":{"start":{"line":173,"column":17},"end":{"line":180,"column":null}},"line":173},"7":{"name":"(anonymous_7)","decl":{"start":{"line":184,"column":2},"end":{"line":184,"column":18}},"loc":{"start":{"line":184,"column":18},"end":{"line":231,"column":5}},"line":184},"8":{"name":"(anonymous_8)","decl":{"start":{"line":188,"column":21},"end":{"line":188,"column":31}},"loc":{"start":{"line":188,"column":41},"end":{"line":198,"column":5}},"line":188},"9":{"name":"(anonymous_9)","decl":{"start":{"line":195,"column":15},"end":{"line":195,"column":24}},"loc":{"start":{"line":195,"column":31},"end":{"line":195,"column":82}},"line":195},"10":{"name":"(anonymous_10)","decl":{"start":{"line":234,"column":8},"end":{"line":234,"column":34}},"loc":{"start":{"line":234,"column":57},"end":{"line":478,"column":null}},"line":234},"11":{"name":"(anonymous_11)","decl":{"start":{"line":456,"column":12},"end":{"line":456,"column":21}},"loc":{"start":{"line":456,"column":27},"end":{"line":464,"column":5}},"line":456}},"branchMap":{"0":{"loc":{"start":{"line":39,"column":4},"end":{"line":39,"column":null}},"type":"if","locations":[{"start":{"line":39,"column":4},"end":{"line":39,"column":null}},{"start":{},"end":{}}],"line":39},"1":{"loc":{"start":{"line":104,"column":6},"end":{"line":107,"column":null}},"type":"if","locations":[{"start":{"line":104,"column":6},"end":{"line":107,"column":null}},{"start":{},"end":{}}],"line":104},"2":{"loc":{"start":{"line":105,"column":24},"end":{"line":105,"column":null}},"type":"cond-expr","locations":[{"start":{"line":105,"column":51},"end":{"line":105,"column":59}},{"start":{"line":105,"column":59},"end":{"line":105,"column":null}}],"line":105},"3":{"loc":{"start":{"line":110,"column":6},"end":{"line":113,"column":null}},"type":"if","locations":[{"start":{"line":110,"column":6},"end":{"line":113,"column":null}},{"start":{},"end":{}}],"line":110},"4":{"loc":{"start":{"line":111,"column":24},"end":{"line":111,"column":null}},"type":"cond-expr","locations":[{"start":{"line":111,"column":49},"end":{"line":111,"column":55}},{"start":{"line":111,"column":55},"end":{"line":111,"column":null}}],"line":111},"5":{"loc":{"start":{"line":116,"column":6},"end":{"line":120,"column":null}},"type":"if","locations":[{"start":{"line":116,"column":6},"end":{"line":120,"column":null}},{"start":{},"end":{}}],"line":116},"6":{"loc":{"start":{"line":116,"column":10},"end":{"line":116,"column":63}},"type":"binary-expr","locations":[{"start":{"line":116,"column":10},"end":{"line":116,"column":37}},{"start":{"line":116,"column":37},"end":{"line":116,"column":63}}],"line":116},"7":{"loc":{"start":{"line":117,"column":27},"end":{"line":117,"column":null}},"type":"cond-expr","locations":[{"start":{"line":117,"column":49},"end":{"line":117,"column":67}},{"start":{"line":117,"column":67},"end":{"line":117,"column":null}}],"line":117},"8":{"loc":{"start":{"line":123,"column":6},"end":{"line":132,"column":null}},"type":"if","locations":[{"start":{"line":123,"column":6},"end":{"line":132,"column":null}},{"start":{},"end":{}}],"line":123},"9":{"loc":{"start":{"line":124,"column":24},"end":{"line":124,"column":null}},"type":"cond-expr","locations":[{"start":{"line":124,"column":53},"end":{"line":124,"column":60}},{"start":{"line":124,"column":60},"end":{"line":124,"column":null}}],"line":124},"10":{"loc":{"start":{"line":125,"column":24},"end":{"line":125,"column":null}},"type":"cond-expr","locations":[{"start":{"line":125,"column":53},"end":{"line":125,"column":61}},{"start":{"line":125,"column":61},"end":{"line":125,"column":null}}],"line":125},"11":{"loc":{"start":{"line":129,"column":8},"end":{"line":131,"column":null}},"type":"if","locations":[{"start":{"line":129,"column":8},"end":{"line":131,"column":null}},{"start":{},"end":{}}],"line":129},"12":{"loc":{"start":{"line":135,"column":6},"end":{"line":147,"column":null}},"type":"if","locations":[{"start":{"line":135,"column":6},"end":{"line":147,"column":null}},{"start":{},"end":{}}],"line":135},"13":{"loc":{"start":{"line":136,"column":24},"end":{"line":136,"column":null}},"type":"cond-expr","locations":[{"start":{"line":136,"column":48},"end":{"line":136,"column":55}},{"start":{"line":136,"column":55},"end":{"line":136,"column":null}}],"line":136},"14":{"loc":{"start":{"line":151,"column":23},"end":{"line":151,"column":null}},"type":"cond-expr","locations":[{"start":{"line":151,"column":61},"end":{"line":151,"column":78}},{"start":{"line":151,"column":78},"end":{"line":151,"column":null}}],"line":151},"15":{"loc":{"start":{"line":163,"column":6},"end":{"line":163,"column":null}},"type":"if","locations":[{"start":{"line":163,"column":6},"end":{"line":163,"column":null}},{"start":{},"end":{}}],"line":163},"16":{"loc":{"start":{"line":163,"column":10},"end":{"line":163,"column":46}},"type":"binary-expr","locations":[{"start":{"line":163,"column":10},"end":{"line":163,"column":24}},{"start":{"line":163,"column":24},"end":{"line":163,"column":37}},{"start":{"line":163,"column":37},"end":{"line":163,"column":46}}],"line":163},"17":{"loc":{"start":{"line":176,"column":6},"end":{"line":178,"column":null}},"type":"if","locations":[{"start":{"line":176,"column":6},"end":{"line":178,"column":null}},{"start":{},"end":{}}],"line":176},"18":{"loc":{"start":{"line":176,"column":10},"end":{"line":176,"column":74}},"type":"binary-expr","locations":[{"start":{"line":176,"column":10},"end":{"line":176,"column":33}},{"start":{"line":176,"column":33},"end":{"line":176,"column":74}}],"line":176},"19":{"loc":{"start":{"line":185,"column":4},"end":{"line":185,"column":null}},"type":"if","locations":[{"start":{"line":185,"column":4},"end":{"line":185,"column":null}},{"start":{},"end":{}}],"line":185},"20":{"loc":{"start":{"line":185,"column":8},"end":{"line":185,"column":73}},"type":"binary-expr","locations":[{"start":{"line":185,"column":8},"end":{"line":185,"column":29}},{"start":{"line":185,"column":29},"end":{"line":185,"column":51}},{"start":{"line":185,"column":51},"end":{"line":185,"column":73}}],"line":185},"21":{"loc":{"start":{"line":189,"column":6},"end":{"line":197,"column":null}},"type":"if","locations":[{"start":{"line":189,"column":6},"end":{"line":197,"column":null}},{"start":{},"end":{}}],"line":189},"22":{"loc":{"start":{"line":190,"column":8},"end":{"line":196,"column":null}},"type":"if","locations":[{"start":{"line":190,"column":8},"end":{"line":196,"column":null}},{"start":{"line":193,"column":15},"end":{"line":196,"column":null}}],"line":190},"23":{"loc":{"start":{"line":192,"column":35},"end":{"line":192,"column":null}},"type":"cond-expr","locations":[{"start":{"line":192,"column":74},"end":{"line":192,"column":80}},{"start":{"line":192,"column":80},"end":{"line":192,"column":null}}],"line":192},"24":{"loc":{"start":{"line":193,"column":15},"end":{"line":196,"column":null}},"type":"if","locations":[{"start":{"line":193,"column":15},"end":{"line":196,"column":null}},{"start":{},"end":{}}],"line":193},"25":{"loc":{"start":{"line":194,"column":23},"end":{"line":194,"column":null}},"type":"cond-expr","locations":[{"start":{"line":194,"column":55},"end":{"line":194,"column":72}},{"start":{"line":194,"column":72},"end":{"line":194,"column":null}}],"line":194},"26":{"loc":{"start":{"line":204,"column":4},"end":{"line":229,"column":null}},"type":"switch","locations":[{"start":{"line":205,"column":6},"end":{"line":208,"column":null}},{"start":{"line":209,"column":6},"end":{"line":212,"column":null}},{"start":{"line":213,"column":6},"end":{"line":216,"column":null}},{"start":{"line":217,"column":6},"end":{"line":220,"column":null}},{"start":{"line":221,"column":6},"end":{"line":224,"column":null}},{"start":{"line":225,"column":6},"end":{"line":228,"column":null}}],"line":204},"27":{"loc":{"start":{"line":482,"column":7},"end":{"line":487,"column":null}},"type":"binary-expr","locations":[{"start":{"line":482,"column":7},"end":{"line":482,"column":null}},{"start":{"line":483,"column":8},"end":{"line":487,"column":null}}],"line":482}},"s":{"0":2,"1":9,"2":9,"3":9,"4":9,"5":9,"6":9,"7":9,"8":9,"9":9,"10":9,"11":9,"12":9,"13":9,"14":9,"15":9,"16":9,"17":9,"18":9,"19":0,"20":9,"21":9,"22":9,"23":9,"24":9,"25":9,"26":9,"27":9,"28":9,"29":9,"30":9,"31":9,"32":9,"33":9,"34":9,"35":9,"36":9,"37":9,"38":9,"39":9,"40":9,"41":9,"42":9,"43":9,"44":9,"45":9,"46":9,"47":9,"48":9,"49":9,"50":9,"51":9,"52":9,"53":9,"54":9,"55":9,"56":9,"57":9,"58":9,"59":9,"60":9,"61":9,"62":9,"63":9,"64":9,"65":9,"66":9,"67":9,"68":9,"69":9,"70":9,"71":9,"72":9,"73":9,"74":9,"75":9,"76":9,"77":9,"78":9,"79":9,"80":9,"81":9,"82":36,"83":36,"84":9,"85":27,"86":27,"87":9,"88":9,"89":9,"90":9,"91":1,"92":0,"93":1,"94":1,"95":1,"96":1,"97":1,"98":9,"99":9,"100":9,"101":9,"102":9,"103":9,"104":9,"105":9,"106":9,"107":0,"108":9,"109":504,"110":333,"111":18,"112":18,"113":315,"114":315,"115":315,"116":315,"117":9,"118":9,"119":9,"120":4,"121":4,"122":4,"123":1,"124":1,"125":1,"126":1,"127":1,"128":1,"129":1,"130":1,"131":1,"132":1,"133":1,"134":1,"135":1,"136":1,"137":1,"138":9,"139":9,"140":9,"141":9,"142":9,"143":9,"144":9,"145":9,"146":9,"147":9,"148":9,"149":9,"150":9,"151":9,"152":9,"153":9,"154":9,"155":9,"156":9,"157":9,"158":9,"159":9,"160":9,"161":9,"162":9,"163":9,"164":9,"165":9,"166":9,"167":9,"168":9,"169":9,"170":9,"171":9,"172":9,"173":9,"174":9,"175":9,"176":9,"177":9,"178":9,"179":9,"180":9,"181":9,"182":9,"183":9,"184":9,"185":9,"186":9,"187":9,"188":9,"189":9,"190":9,"191":9,"192":9,"193":9,"194":9,"195":9,"196":9,"197":9,"198":9,"199":9,"200":9,"201":9,"202":9,"203":9,"204":9,"205":9,"206":9,"207":9,"208":9,"209":9,"210":9,"211":9,"212":9,"213":9,"214":9,"215":9,"216":9,"217":9,"218":9,"219":9,"220":9,"221":9,"222":9,"223":9,"224":9,"225":9,"226":9,"227":9,"228":9,"229":9,"230":9,"231":9,"232":9,"233":9,"234":9,"235":9,"236":9,"237":9,"238":9,"239":9,"240":9,"241":9,"242":9,"243":9,"244":9,"245":9,"246":9,"247":9,"248":9,"249":9,"250":9,"251":9,"252":9,"253":9,"254":9,"255":9,"256":9,"257":9,"258":9,"259":9,"260":9,"261":9,"262":9,"263":9,"264":9,"265":9,"266":9,"267":9,"268":9,"269":9,"270":9,"271":9,"272":36,"273":36,"274":36,"275":36,"276":9,"277":9,"278":9,"279":9,"280":9,"281":9,"282":9,"283":9,"284":9},"f":{"0":9,"1":9,"2":9,"3":36,"4":27,"5":1,"6":9,"7":9,"8":504,"9":315,"10":9,"11":36},"b":{"0":[0,9],"1":[9,0],"2":[6,3],"3":[9,0],"4":[6,3],"5":[9,0],"6":[9,9],"7":[6,3],"8":[9,0],"9":[6,3],"10":[6,3],"11":[9,0],"12":[9,0],"13":[6,3],"14":[3,24],"15":[0,1],"16":[1,1,1],"17":[9,0],"18":[9,9],"19":[0,9],"20":[9,9,9],"21":[333,171],"22":[18,315],"23":[12,6],"24":[315,0],"25":[0,315],"26":[4,1,1,1,1,1],"27":[9,0]},"meta":{"lastBranch":28,"lastFunction":12,"lastStatement":285,"seen":{"s:15:13:491:Infinity":0,"f:15:13:15:56":0,"s:16:19:16:Infinity":1,"s:17:40:17:Infinity":2,"s:20:19:20:Infinity":3,"s:21:20:21:Infinity":4,"s:22:22:22:Infinity":5,"s:23:22:23:Infinity":6,"s:26:27:26:Infinity":7,"s:27:25:27:Infinity":8,"s:28:26:28:Infinity":9,"s:29:27:29:Infinity":10,"s:30:26:30:Infinity":11,"s:31:24:31:Infinity":12,"s:32:22:32:Infinity":13,"s:33:23:33:Infinity":14,"s:34:28:34:Infinity":15,"s:37:2:181:Infinity":16,"f:37:2:37:18":1,"s:38:22:38:Infinity":17,"b:39:4:39:Infinity:undefined:undefined:undefined:undefined":0,"s:39:4:39:Infinity":18,"s:39:20:39:Infinity":19,"s:41:18:41:Infinity":20,"s:42:19:42:Infinity":21,"s:45:18:45:Infinity":22,"s:46:4:46:Infinity":23,"s:47:4:47:Infinity":24,"s:48:4:48:Infinity":25,"s:51:19:51:Infinity":26,"s:52:4:52:Infinity":27,"s:53:4:53:Infinity":28,"s:56:21:56:Infinity":29,"s:57:4:57:Infinity":30,"s:58:4:58:Infinity":31,"s:59:4:59:Infinity":32,"s:60:4:60:Infinity":33,"s:61:4:61:Infinity":34,"s:62:4:62:Infinity":35,"s:63:4:63:Infinity":36,"s:66:21:66:Infinity":37,"s:67:4:67:Infinity":38,"s:68:4:68:Infinity":39,"s:69:4:69:Infinity":40,"s:70:4:70:Infinity":41,"s:71:4:71:Infinity":42,"s:72:4:72:Infinity":43,"s:75:25:75:Infinity":44,"s:76:4:76:Infinity":45,"s:78:20:78:Infinity":46,"s:79:4:79:Infinity":47,"s:80:4:80:Infinity":48,"s:81:4:81:Infinity":49,"s:82:4:82:Infinity":50,"s:83:4:83:Infinity":51,"s:85:25:85:Infinity":52,"s:86:4:86:Infinity":53,"s:87:4:87:Infinity":54,"s:90:23:90:Infinity":55,"s:91:4:91:Infinity":56,"s:92:4:92:Infinity":57,"s:95:4:95:Infinity":58,"s:100:10:157:Infinity":59,"f:100:10:100:26":2,"s:101:6:101:Infinity":60,"b:104:6:107:Infinity:undefined:undefined:undefined:undefined":1,"s:104:6:107:Infinity":61,"s:105:24:105:Infinity":62,"b:105:51:105:59:105:59:105:Infinity":2,"s:106:8:106:Infinity":63,"b:110:6:113:Infinity:undefined:undefined:undefined:undefined":3,"s:110:6:113:Infinity":64,"s:111:24:111:Infinity":65,"b:111:49:111:55:111:55:111:Infinity":4,"s:112:8:112:Infinity":66,"b:116:6:120:Infinity:undefined:undefined:undefined:undefined":5,"s:116:6:120:Infinity":67,"b:116:10:116:37:116:37:116:63":6,"s:117:27:117:Infinity":68,"b:117:49:117:67:117:67:117:Infinity":7,"s:118:8:118:Infinity":69,"s:119:8:119:Infinity":70,"b:123:6:132:Infinity:undefined:undefined:undefined:undefined":8,"s:123:6:132:Infinity":71,"s:124:24:124:Infinity":72,"b:124:53:124:60:124:60:124:Infinity":9,"s:125:24:125:Infinity":73,"b:125:53:125:61:125:61:125:Infinity":10,"s:126:8:126:Infinity":74,"s:127:8:127:Infinity":75,"b:129:8:131:Infinity:undefined:undefined:undefined:undefined":11,"s:129:8:131:Infinity":76,"s:130:10:130:Infinity":77,"b:135:6:147:Infinity:undefined:undefined:undefined:undefined":12,"s:135:6:147:Infinity":78,"s:136:24:136:Infinity":79,"b:136:48:136:55:136:55:136:Infinity":13,"s:137:8:137:Infinity":80,"s:140:8:146:Infinity":81,"f:140:29:140:38":3,"s:141:25:144:Infinity":82,"s:145:10:145:Infinity":83,"s:150:6:153:Infinity":84,"f:150:32:150:41":4,"s:151:23:151:Infinity":85,"b:151:61:151:78:151:78:151:Infinity":14,"s:152:8:152:Infinity":86,"s:155:6:155:Infinity":87,"s:156:6:156:Infinity":88,"s:159:4:159:Infinity":89,"s:162:10:169:Infinity":90,"f:162:10:162:31":5,"b:163:6:163:Infinity:undefined:undefined:undefined:undefined":15,"s:163:6:163:Infinity":91,"b:163:10:163:24:163:24:163:37:163:37:163:46":16,"s:163:46:163:Infinity":92,"s:164:16:164:Infinity":93,"s:165:16:165:Infinity":94,"s:166:6:166:Infinity":95,"s:167:6:167:Infinity":96,"s:168:6:168:Infinity":97,"s:171:4:171:Infinity":98,"s:173:4:180:Infinity":99,"f:173:4:173:17":6,"s:174:6:174:Infinity":100,"s:175:6:175:Infinity":101,"b:176:6:178:Infinity:undefined:undefined:undefined:undefined":17,"s:176:6:178:Infinity":102,"b:176:10:176:33:176:33:176:74":18,"s:177:8:177:Infinity":103,"s:179:6:179:Infinity":104,"s:184:2:231:Infinity":105,"f:184:2:184:18":7,"b:185:4:185:Infinity:undefined:undefined:undefined:undefined":19,"s:185:4:185:Infinity":106,"b:185:8:185:29:185:29:185:51:185:51:185:73":20,"s:185:73:185:Infinity":107,"s:188:4:198:Infinity":108,"f:188:21:188:31":8,"b:189:6:197:Infinity:undefined:undefined:undefined:undefined":21,"s:189:6:197:Infinity":109,"b:190:8:196:Infinity:193:15:196:Infinity":22,"s:190:8:196:Infinity":110,"s:191:10:191:Infinity":111,"s:192:10:192:Infinity":112,"b:192:74:192:80:192:80:192:Infinity":23,"b:193:15:196:Infinity:undefined:undefined:undefined:undefined":24,"s:193:15:196:Infinity":113,"s:194:23:194:Infinity":114,"b:194:55:194:72:194:72:194:Infinity":25,"s:195:10:195:Infinity":115,"f:195:15:195:24":9,"s:195:31:195:82":116,"s:201:19:201:Infinity":117,"s:202:21:202:Infinity":118,"b:205:6:208:Infinity:209:6:212:Infinity:213:6:216:Infinity:217:6:220:Infinity:221:6:224:Infinity:225:6:228:Infinity":26,"s:204:4:229:Infinity":119,"s:206:8:206:Infinity":120,"s:207:8:207:Infinity":121,"s:208:8:208:Infinity":122,"s:210:8:210:Infinity":123,"s:211:8:211:Infinity":124,"s:212:8:212:Infinity":125,"s:214:8:214:Infinity":126,"s:215:8:215:Infinity":127,"s:216:8:216:Infinity":128,"s:218:8:218:Infinity":129,"s:219:8:219:Infinity":130,"s:220:8:220:Infinity":131,"s:222:8:222:Infinity":132,"s:223:8:223:Infinity":133,"s:224:8:224:Infinity":134,"s:226:8:226:Infinity":135,"s:227:8:227:Infinity":136,"s:228:8:228:Infinity":137,"s:230:4:230:Infinity":138,"s:234:8:478:Infinity":139,"f:234:8:234:34":10,"s:235:4:235:Infinity":140,"s:238:21:238:Infinity":141,"s:239:21:239:Infinity":142,"s:240:20:240:Infinity":143,"s:241:20:241:Infinity":144,"s:242:21:242:Infinity":145,"s:243:23:243:Infinity":146,"s:244:23:244:Infinity":147,"s:245:25:245:Infinity":148,"s:246:24:246:Infinity":149,"s:247:24:247:Infinity":150,"s:248:22:248:Infinity":151,"s:251:23:251:Infinity":152,"s:254:22:254:48":153,"s:255:22:255:Infinity":154,"s:256:23:256:Infinity":155,"s:257:4:257:Infinity":156,"s:258:4:258:Infinity":157,"s:259:4:259:Infinity":158,"s:260:4:260:Infinity":159,"s:263:22:263:Infinity":160,"s:264:4:264:Infinity":161,"s:265:4:265:Infinity":162,"s:266:4:266:Infinity":163,"s:269:23:269:55":164,"s:270:4:270:Infinity":165,"s:273:24:273:47":166,"s:274:4:274:Infinity":167,"s:277:18:277:Infinity":168,"s:278:4:278:Infinity":169,"s:279:4:279:Infinity":170,"s:281:18:281:Infinity":171,"s:282:4:282:Infinity":172,"s:283:4:283:Infinity":173,"s:285:4:285:Infinity":174,"s:288:22:288:Infinity":175,"s:289:21:289:Infinity":176,"s:290:4:290:Infinity":177,"s:291:4:291:Infinity":178,"s:292:4:292:Infinity":179,"s:295:25:295:Infinity":180,"s:296:26:296:Infinity":181,"s:297:4:297:Infinity":182,"s:298:4:298:Infinity":183,"s:299:4:299:Infinity":184,"s:300:4:300:Infinity":185,"s:301:4:301:Infinity":186,"s:303:4:303:Infinity":187,"s:306:22:306:Infinity":188,"s:309:21:309:Infinity":189,"s:310:4:310:Infinity":190,"s:311:4:311:Infinity":191,"s:314:20:314:Infinity":192,"s:315:4:315:Infinity":193,"s:316:4:316:Infinity":194,"s:319:21:319:Infinity":195,"s:320:4:320:Infinity":196,"s:321:4:321:Infinity":197,"s:322:4:322:Infinity":198,"s:324:4:324:Infinity":199,"s:327:4:331:Infinity":200,"s:334:27:334:Infinity":201,"s:335:4:335:Infinity":202,"s:336:4:336:Infinity":203,"s:337:4:337:Infinity":204,"s:340:22:340:Infinity":205,"s:343:18:343:Infinity":206,"s:344:4:344:Infinity":207,"s:345:4:345:Infinity":208,"s:346:4:346:Infinity":209,"s:349:18:349:Infinity":210,"s:350:4:350:Infinity":211,"s:351:4:351:Infinity":212,"s:352:4:352:Infinity":213,"s:354:4:354:Infinity":214,"s:357:24:357:Infinity":215,"s:360:19:360:Infinity":216,"s:361:4:361:Infinity":217,"s:362:4:362:Infinity":218,"s:363:4:363:Infinity":219,"s:365:21:365:Infinity":220,"s:366:4:366:Infinity":221,"s:367:4:367:Infinity":222,"s:370:19:370:Infinity":223,"s:371:4:371:Infinity":224,"s:372:4:372:Infinity":225,"s:373:4:373:Infinity":226,"s:375:21:375:Infinity":227,"s:376:4:376:Infinity":228,"s:377:4:377:Infinity":229,"s:380:21:380:Infinity":230,"s:381:4:381:Infinity":231,"s:382:4:382:Infinity":232,"s:383:4:383:Infinity":233,"s:385:21:385:Infinity":234,"s:386:4:386:Infinity":235,"s:387:4:387:Infinity":236,"s:389:4:389:Infinity":237,"s:391:4:395:Infinity":238,"s:398:25:398:Infinity":239,"s:400:20:400:Infinity":240,"s:401:4:401:Infinity":241,"s:402:4:402:Infinity":242,"s:403:4:403:Infinity":243,"s:406:19:406:Infinity":244,"s:407:4:407:Infinity":245,"s:408:4:408:Infinity":246,"s:411:19:411:Infinity":247,"s:412:20:412:Infinity":248,"s:413:4:413:Infinity":249,"s:414:4:414:Infinity":250,"s:415:4:415:Infinity":251,"s:416:4:416:Infinity":252,"s:418:4:418:Infinity":253,"s:419:4:419:Infinity":254,"s:420:4:420:Infinity":255,"s:422:4:426:Infinity":256,"s:429:21:429:Infinity":257,"s:432:21:432:Infinity":258,"s:433:4:433:Infinity":259,"s:434:4:434:Infinity":260,"s:435:4:435:Infinity":261,"s:438:21:438:Infinity":262,"s:439:4:439:Infinity":263,"s:440:4:440:Infinity":264,"s:442:4:442:Infinity":265,"s:443:4:443:Infinity":266,"s:444:4:444:Infinity":267,"s:447:4:447:Infinity":268,"s:448:20:448:Infinity":269,"s:449:20:454:Infinity":270,"s:456:4:464:Infinity":271,"f:456:12:456:21":11,"s:457:18:460:Infinity":272,"s:461:19:461:Infinity":273,"s:462:6:462:Infinity":274,"s:463:6:463:Infinity":275,"s:467:24:467:Infinity":276,"s:469:20:469:Infinity":277,"s:470:4:470:Infinity":278,"s:471:4:471:Infinity":279,"s:473:20:473:Infinity":280,"s:474:4:474:Infinity":281,"s:475:4:475:Infinity":282,"s:477:4:477:Infinity":283,"s:480:2:489:Infinity":284,"b:482:7:482:Infinity:483:8:487:Infinity":27},"fnNames":{}}}
,"/Users/rex-fab-alt/Documents/code/playground/van-plan/src/components/bom/BOMTable.tsx": {"path":"/Users/rex-fab-alt/Documents/code/playground/van-plan/src/components/bom/BOMTable.tsx","statementMap":{"0":{"start":{"line":7,"column":13},"end":{"line":165,"column":null}},"1":{"start":{"line":8,"column":40},"end":{"line":8,"column":null}},"2":{"start":{"line":9,"column":50},"end":{"line":9,"column":null}},"3":{"start":{"line":11,"column":21},"end":{"line":14,"column":null}},"4":{"start":{"line":12,"column":17},"end":{"line":12,"column":null}},"5":{"start":{"line":12,"column":67},"end":{"line":12,"column":80}},"6":{"start":{"line":13,"column":4},"end":{"line":13,"column":null}},"7":{"start":{"line":16,"column":24},"end":{"line":25,"column":null}},"8":{"start":{"line":17,"column":4},"end":{"line":24,"column":null}},"9":{"start":{"line":18,"column":25},"end":{"line":18,"column":null}},"10":{"start":{"line":20,"column":8},"end":{"line":22,"column":null}},"11":{"start":{"line":23,"column":6},"end":{"line":23,"column":null}},"12":{"start":{"line":27,"column":20},"end":{"line":29,"column":null}},"13":{"start":{"line":28,"column":4},"end":{"line":28,"column":null}},"14":{"start":{"line":28,"column":47},"end":{"line":28,"column":74}},"15":{"start":{"line":31,"column":22},"end":{"line":33,"column":null}},"16":{"start":{"line":32,"column":4},"end":{"line":32,"column":null}},"17":{"start":{"line":32,"column":47},"end":{"line":32,"column":73}},"18":{"start":{"line":35,"column":8},"end":{"line":59,"column":null}},"19":{"start":{"line":36,"column":20},"end":{"line":36,"column":null}},"20":{"start":{"line":37,"column":17},"end":{"line":49,"column":null}},"21":{"start":{"line":37,"column":42},"end":{"line":49,"column":5}},"22":{"start":{"line":51,"column":23},"end":{"line":51,"column":null}},"23":{"start":{"line":51,"column":95},"end":{"line":51,"column":106}},"24":{"start":{"line":52,"column":23},"end":{"line":52,"column":null}},"25":{"start":{"line":53,"column":17},"end":{"line":53,"column":null}},"26":{"start":{"line":54,"column":4},"end":{"line":54,"column":null}},"27":{"start":{"line":55,"column":4},"end":{"line":55,"column":null}},"28":{"start":{"line":56,"column":4},"end":{"line":56,"column":null}},"29":{"start":{"line":57,"column":4},"end":{"line":57,"column":null}},"30":{"start":{"line":58,"column":4},"end":{"line":58,"column":null}},"31":{"start":{"line":61,"column":2},"end":{"line":163,"column":null}},"32":{"start":{"line":98,"column":29},"end":{"line":98,"column":null}},"33":{"start":{"line":105,"column":12},"end":{"line":111,"column":null}},"34":{"start":{"line":108,"column":29},"end":{"line":108,"column":null}},"35":{"start":{"line":133,"column":14},"end":{"line":158,"column":null}}},"fnMap":{"0":{"name":"(anonymous_0)","decl":{"start":{"line":7,"column":13},"end":{"line":7,"column":40}},"loc":{"start":{"line":7,"column":40},"end":{"line":165,"column":null}},"line":7},"1":{"name":"(anonymous_1)","decl":{"start":{"line":11,"column":21},"end":{"line":11,"column":35}},"loc":{"start":{"line":11,"column":35},"end":{"line":14,"column":5}},"line":11},"2":{"name":"(anonymous_2)","decl":{"start":{"line":12,"column":53},"end":{"line":12,"column":58}},"loc":{"start":{"line":12,"column":67},"end":{"line":12,"column":80}},"line":12},"3":{"name":"(anonymous_3)","decl":{"start":{"line":16,"column":24},"end":{"line":16,"column":38}},"loc":{"start":{"line":16,"column":38},"end":{"line":25,"column":5}},"line":16},"4":{"name":"(anonymous_4)","decl":{"start":{"line":17,"column":28},"end":{"line":17,"column":36}},"loc":{"start":{"line":17,"column":45},"end":{"line":24,"column":5}},"line":17},"5":{"name":"(anonymous_5)","decl":{"start":{"line":27,"column":20},"end":{"line":27,"column":34}},"loc":{"start":{"line":27,"column":34},"end":{"line":29,"column":5}},"line":27},"6":{"name":"(anonymous_6)","decl":{"start":{"line":28,"column":25},"end":{"line":28,"column":33}},"loc":{"start":{"line":28,"column":47},"end":{"line":28,"column":74}},"line":28},"7":{"name":"(anonymous_7)","decl":{"start":{"line":31,"column":22},"end":{"line":31,"column":36}},"loc":{"start":{"line":31,"column":36},"end":{"line":33,"column":5}},"line":31},"8":{"name":"(anonymous_8)","decl":{"start":{"line":32,"column":25},"end":{"line":32,"column":33}},"loc":{"start":{"line":32,"column":47},"end":{"line":32,"column":73}},"line":32},"9":{"name":"(anonymous_9)","decl":{"start":{"line":35,"column":8},"end":{"line":35,"column":26}},"loc":{"start":{"line":35,"column":26},"end":{"line":59,"column":null}},"line":35},"10":{"name":"(anonymous_10)","decl":{"start":{"line":37,"column":31},"end":{"line":37,"column":36}},"loc":{"start":{"line":37,"column":42},"end":{"line":49,"column":5}},"line":37},"11":{"name":"(anonymous_11)","decl":{"start":{"line":51,"column":84},"end":{"line":51,"column":89}},"loc":{"start":{"line":51,"column":95},"end":{"line":51,"column":106}},"line":51},"12":{"name":"(anonymous_12)","decl":{"start":{"line":98,"column":12},"end":{"line":98,"column":23}},"loc":{"start":{"line":98,"column":29},"end":{"line":98,"column":null}},"line":98},"13":{"name":"(anonymous_13)","decl":{"start":{"line":104,"column":22},"end":{"line":104,"column":27}},"loc":{"start":{"line":105,"column":12},"end":{"line":111,"column":null}},"line":105},"14":{"name":"(anonymous_14)","decl":{"start":{"line":108,"column":14},"end":{"line":108,"column":29}},"loc":{"start":{"line":108,"column":29},"end":{"line":108,"column":null}},"line":108},"15":{"name":"(anonymous_15)","decl":{"start":{"line":132,"column":27},"end":{"line":132,"column":32}},"loc":{"start":{"line":133,"column":14},"end":{"line":158,"column":null}},"line":133}},"branchMap":{"0":{"loc":{"start":{"line":18,"column":25},"end":{"line":18,"column":null}},"type":"binary-expr","locations":[{"start":{"line":18,"column":25},"end":{"line":18,"column":55}},{"start":{"line":18,"column":55},"end":{"line":18,"column":null}}],"line":18},"1":{"loc":{"start":{"line":20,"column":8},"end":{"line":22,"column":null}},"type":"binary-expr","locations":[{"start":{"line":20,"column":8},"end":{"line":20,"column":null}},{"start":{"line":21,"column":8},"end":{"line":21,"column":null}},{"start":{"line":22,"column":8},"end":{"line":22,"column":null}}],"line":20},"2":{"loc":{"start":{"line":23,"column":13},"end":{"line":23,"column":null}},"type":"binary-expr","locations":[{"start":{"line":23,"column":13},"end":{"line":23,"column":27}},{"start":{"line":23,"column":27},"end":{"line":23,"column":null}}],"line":23},"3":{"loc":{"start":{"line":41,"column":10},"end":{"line":41,"column":31}},"type":"binary-expr","locations":[{"start":{"line":41,"column":10},"end":{"line":41,"column":28}},{"start":{"line":41,"column":28},"end":{"line":41,"column":31}}],"line":41},"4":{"loc":{"start":{"line":107,"column":36},"end":{"line":107,"column":null}},"type":"cond-expr","locations":[{"start":{"line":107,"column":63},"end":{"line":107,"column":74}},{"start":{"line":107,"column":74},"end":{"line":107,"column":null}}],"line":107},"5":{"loc":{"start":{"line":110,"column":15},"end":{"line":110,"column":null}},"type":"cond-expr","locations":[{"start":{"line":110,"column":31},"end":{"line":110,"column":51}},{"start":{"line":110,"column":51},"end":{"line":110,"column":null}}],"line":110},"6":{"loc":{"start":{"line":141,"column":51},"end":{"line":141,"column":80}},"type":"binary-expr","locations":[{"start":{"line":141,"column":51},"end":{"line":141,"column":72}},{"start":{"line":141,"column":72},"end":{"line":141,"column":80}}],"line":141}},"s":{"0":2,"1":4,"2":4,"3":4,"4":2,"5":30,"6":2,"7":4,"8":4,"9":60,"10":60,"11":60,"12":4,"13":4,"14":32,"15":4,"16":4,"17":32,"18":4,"19":1,"20":1,"21":1,"22":1,"23":1,"24":1,"25":1,"26":1,"27":1,"28":1,"29":1,"30":1,"31":4,"32":1,"33":24,"34":1,"35":32},"f":{"0":4,"1":2,"2":30,"3":4,"4":60,"5":4,"6":32,"7":4,"8":32,"9":1,"10":1,"11":1,"12":1,"13":24,"14":1,"15":32},"b":{"0":[60,15],"1":[60,28,28],"2":[60,49],"3":[1,0],"4":[4,20],"5":[4,20],"6":[32,0]},"meta":{"lastBranch":7,"lastFunction":16,"lastStatement":36,"seen":{"s:7:13:165:Infinity":0,"f:7:13:7:40":0,"s:8:40:8:Infinity":1,"s:9:50:9:Infinity":2,"s:11:21:14:Infinity":3,"f:11:21:11:35":1,"s:12:17:12:Infinity":4,"f:12:53:12:58":2,"s:12:67:12:80":5,"s:13:4:13:Infinity":6,"s:16:24:25:Infinity":7,"f:16:24:16:38":3,"s:17:4:24:Infinity":8,"f:17:28:17:36":4,"s:18:25:18:Infinity":9,"b:18:25:18:55:18:55:18:Infinity":0,"s:20:8:22:Infinity":10,"b:20:8:20:Infinity:21:8:21:Infinity:22:8:22:Infinity":1,"s:23:6:23:Infinity":11,"b:23:13:23:27:23:27:23:Infinity":2,"s:27:20:29:Infinity":12,"f:27:20:27:34":5,"s:28:4:28:Infinity":13,"f:28:25:28:33":6,"s:28:47:28:74":14,"s:31:22:33:Infinity":15,"f:31:22:31:36":7,"s:32:4:32:Infinity":16,"f:32:25:32:33":8,"s:32:47:32:73":17,"s:35:8:59:Infinity":18,"f:35:8:35:26":9,"s:36:20:36:Infinity":19,"s:37:17:49:Infinity":20,"f:37:31:37:36":10,"s:37:42:49:5":21,"b:41:10:41:28:41:2
[...]
":90,"column":null}},"49":{"start":{"line":91,"column":2},"end":{"line":91,"column":null}},"50":{"start":{"line":92,"column":2},"end":{"line":92,"column":null}},"51":{"start":{"line":93,"column":2},"end":{"line":93,"column":null}},"52":{"start":{"line":96,"column":2},"end":{"line":96,"column":null}},"53":{"start":{"line":97,"column":2},"end":{"line":97,"column":null}},"54":{"start":{"line":98,"column":2},"end":{"line":98,"column":null}},"55":{"start":{"line":99,"column":2},"end":{"line":99,"column":null}},"56":{"start":{"line":100,"column":2},"end":{"line":100,"column":null}},"57":{"start":{"line":101,"column":2},"end":{"line":101,"column":null}},"58":{"start":{"line":104,"column":8},"end":{"line":104,"column":null}},"59":{"start":{"line":105,"column":8},"end":{"line":105,"column":null}},"60":{"start":{"line":107,"column":20},"end":{"line":107,"column":null}},"61":{"start":{"line":108,"column":2},"end":{"line":108,"column":null}},"62":{"start":{"line":109,"column":2},"end":{"line":109,"column":null}},"63":{"start":{"line":111,"column":2},"end":{"line":111,"column":null}},"64":{"start":{"line":112,"column":2},"end":{"line":112,"column":null}},"65":{"start":{"line":113,"column":2},"end":{"line":113,"column":null}},"66":{"start":{"line":114,"column":2},"end":{"line":114,"column":null}},"67":{"start":{"line":116,"column":2},"end":{"line":116,"column":null}},"68":{"start":{"line":128,"column":2},"end":{"line":128,"column":null}},"69":{"start":{"line":129,"column":2},"end":{"line":129,"column":null}},"70":{"start":{"line":130,"column":2},"end":{"line":130,"column":null}},"71":{"start":{"line":132,"column":2},"end":{"line":132,"column":null}},"72":{"start":{"line":133,"column":2},"end":{"line":133,"column":null}},"73":{"start":{"line":134,"column":2},"end":{"line":134,"column":null}},"74":{"start":{"line":136,"column":15},"end":{"line":136,"column":null}},"75":{"start":{"line":137,"column":2},"end":{"line":137,"column":null}},"76":{"start":{"line":138,"column":2},"end":{"line":141,"column":null}},"77":{"start":{"line":138,"column":15},"end":{"line":138,"column":19}},"78":{"start":{"line":139,"column":4},"end":{"line":139,"column":null}},"79":{"start":{"line":140,"column":4},"end":{"line":140,"column":null}},"80":{"start":{"line":142,"column":2},"end":{"line":142,"column":null}},"81":{"start":{"line":144,"column":2},"end":{"line":144,"column":null}},"82":{"start":{"line":145,"column":2},"end":{"line":145,"column":null}},"83":{"start":{"line":146,"column":2},"end":{"line":146,"column":null}},"84":{"start":{"line":147,"column":2},"end":{"line":147,"column":null}},"85":{"start":{"line":149,"column":2},"end":{"line":149,"column":null}}},"fnMap":{"0":{"name":"drawCADGrid","decl":{"start":{"line":6,"column":16},"end":{"line":6,"column":null}},"loc":{"start":{"line":13,"column":2},"end":{"line":34,"column":null}},"line":13},"1":{"name":"drawCADDimensionLine","decl":{"start":{"line":36,"column":16},"end":{"line":36,"column":null}},"loc":{"start":{"line":44,"column":2},"end":{"line":117,"column":null}},"line":44},"2":{"name":"drawWoodHatchPattern","decl":{"start":{"line":119,"column":16},"end":{"line":119,"column":null}},"loc":{"start":{"line":127,"column":2},"end":{"line":150,"column":null}},"line":127}},"branchMap":{"0":{"loc":{"start":{"line":10,"column":2},"end":{"line":10,"column":null}},"type":"default-arg","locations":[{"start":{"line":10,"column":23},"end":{"line":10,"column":null}}],"line":10},"1":{"loc":{"start":{"line":11,"column":2},"end":{"line":11,"column":null}},"type":"default-arg","locations":[{"start":{"line":11,"column":25},"end":{"line":11,"column":null}}],"line":11},"2":{"loc":{"start":{"line":12,"column":2},"end":{"line":12,"column":null}},"type":"default-arg","locations":[{"start":{"line":12,"column":26},"end":{"line":12,"column":null}}],"line":12},"3":{"loc":{"start":{"line":18,"column":22},"end":{"line":18,"column":null}},"type":"cond-expr","locations":[{"start":{"line":18,"column":51},"end":{"line":18,"column":67}},{"start":{"line":18,"column":67},"end":{"line":18,"column":null}}],"line":18},"4":{"loc":{"start":{"line":26,"column":22},"end":{"line":26,"column":null}},"type":"cond-expr","locations":[{"start":{"line":26,"column":51},"end":{"line":26,"column":67}},{"start":{"line":26,"column":67},"end":{"line":26,"column":null}}],"line":26},"5":{"loc":{"start":{"line":41,"column":2},"end":{"line":41,"column":null}},"type":"default-arg","locations":[{"start":{"line":41,"column":21},"end":{"line":41,"column":null}}],"line":41},"6":{"loc":{"start":{"line":42,"column":2},"end":{"line":42,"column":null}},"type":"default-arg","locations":[{"start":{"line":42,"column":18},"end":{"line":42,"column":null}}],"line":42},"7":{"loc":{"start":{"line":43,"column":2},"end":{"line":43,"column":null}},"type":"default-arg","locations":[{"start":{"line":43,"column":22},"end":{"line":43,"column":null}}],"line":43},"8":{"loc":{"start":{"line":55,"column":2},"end":{"line":58,"column":null}},"type":"if","locations":[{"start":{"line":55,"column":2},"end":{"line":58,"column":null}},{"start":{},"end":{}}],"line":55},"9":{"loc":{"start":{"line":125,"column":2},"end":{"line":125,"column":null}},"type":"default-arg","locations":[{"start":{"line":125,"column":20},"end":{"line":125,"column":null}}],"line":125},"10":{"loc":{"start":{"line":126,"column":2},"end":{"line":126,"column":null}},"type":"default-arg","locations":[{"start":{"line":126,"column":22},"end":{"line":126,"column":null}}],"line":126}},"s":{"0":6,"1":6,"2":6,"3":6,"4":140,"5":140,"6":140,"7":140,"8":140,"9":6,"10":6,"11":85,"12":85,"13":85,"14":85,"15":85,"16":6,"17":13,"18":13,"19":13,"20":13,"21":13,"22":13,"23":13,"24":13,"25":13,"26":1,"27":1,"28":12,"29":12,"30":12,"31":12,"32":12,"33":12,"34":12,"35":12,"36":12,"37":12,"38":12,"39":12,"40":12,"41":12,"42":12,"43":12,"44":12,"45":12,"46":12,"47":12,"48":12,"49":12,"50":12,"51":12,"52":12,"53":12,"54":12,"55":12,"56":12,"57":12,"58":12,"59":12,"60":12,"61":12,"62":12,"63":12,"64":12,"65":12,"66":12,"67":12,"68":10,"69":10,"70":10,"71":10,"72":10,"73":10,"74":10,"75":10,"76":10,"77":10,"78":262,"79":262,"80":10,"81":10,"82":10,"83":10,"84":10,"85":10},"f":{"0":6,"1":13,"2":10},"b":{"0":[6],"1":[6],"2":[6],"3":[29,111],"4":[18,67],"5":[13],"6":[13],"7":[13],"8":[1,12],"9":[10],"10":[10]},"meta":{"lastBranch":11,"lastFunction":3,"lastStatement":86,"seen":{"f:6:16:6:Infinity":0,"b:10:23:10:Infinity":0,"b:11:25:11:Infinity":1,"b:12:26:12:Infinity":2,"s:14:2:14:Infinity":0,"s:15:2:15:Infinity":1,"s:17:2:23:Infinity":2,"s:17:15:17:18":3,"s:18:4:18:Infinity":4,"b:18:51:18:67:18:67:18:Infinity":3,"s:19:4:19:Infinity":5,"s:20:4:20:Infinity":6,"s:21:4:21:Infinity":7,"s:22:4:22:Infinity":8,"s:25:2:31:Infinity":9,"s:25:15:25:18":10,"s:26:4:26:Infinity":11,"b:26:51:26:67:26:67:26:Infinity":4,"s:27:4:27:Infinity":12,"s:28:4:28:Infinity":13,"s:29:4:29:Infinity":14,"s:30:4:30:Infinity":15,"s:33:2:33:Infinity":16,"f:36:16:36:Infinity":1,"b:41:21:41:Infinity":5,"b:42:18:42:Infinity":6,"b:43:22:43:Infinity":7,"s:45:2:45:Infinity":17,"s:46:2:46:Infinity":18,"s:47:2:47:Infinity":19,"s:48:2:48:Infinity":20,"s:49:2:49:Infinity":21,"s:52:13:52:Infinity":22,"s:53:13:53:Infinity":23,"s:54:14:54:Infinity":24,"b:55:2:58:Infinity:undefined:undefined:undefined:undefined":8,"s:55:2:58:Infinity":25,"s:56:4:56:Infinity":26,"s:57:4:57:Infinity":27,"s:60:13:60:Infinity":28,"s:61:13:61:Infinity":29,"s:64:23:64:Infinity":30,"s:65:23:65:Infinity":31,"s:68:2:68:Infinity":32,"s:69:2:69:Infinity":33,"s:70:2:70:Infinity":34,"s:71:2:71:Infinity":35,"s:72:2:72:Infinity":36,"s:73:2:73:Infinity":37,"s:74:2:74:Infinity":38,"s:77:2:77:Infinity":39,"s:78:2:78:Infinity":40,"s:79:2:79:Infinity":41,"s:80:2:80:Infinity":42,"s:81:2:81:Infinity":43,"s:84:20:84:Infinity":44,"s:85:16:85:Infinity":45,"s:88:2:88:Infinity":46,"s:89:2:89:Infinity":47,"s:90:2:90:Infinity":48,"s:91:2:91:Infinity":49,"s:92:2:92:Infinity":50,"s:93:2:93:Infinity":51,"s:96:2:96:Infinity":52,"s:97:2:97:Infinity":53,"s:98:2:98:Infinity":54,"s:99:2:99:Infinity":55,"s:100:2:100:Infinity":56,"s:101:2:101:Infinity":57,"s:104:8:104:Infinity":58,"s:105:8:105:Infinity":59,"s:107:20:107:Infinity":60,"s:108:2:108:Infinity":61,"s:109:2:109:Infinity":62,"s:111:2:111:Infinity":63,"s:112:2:112:Infinity":64,"s:113:2:113:Infinity":65,"s:114:2:114:Infinity":66,"s:116:2:116:Infinity":67,"f:119:16:119:Infinity":2,"b:125:20:125:Infinity":9,"b:126:22:126:Infinity":10,"s:128:2:128:Infinity":68,"s:129:2:129:Infinity":69,"s:130:2:130:Infinity":70,"s:132:2:132:Infinity":71,"s:133:2:133:Infinity":72,"s:134:2:134:Infinity":73,"s:136:15:136:Infinity":74,"s:137:2:137:Infinity":75,"s:138:2:141:Infinity":76,"s:138:15:138:19":77,"s:139:4:139:Infinity":78,"s:140:4:140:Infinity":79,"s:142:2:142:Infinity":80,"s:144:2:144:Infinity":81,"s:145:2:145:Infinity":82,"s:146:2:146:Infinity":83,"s:147:2:147:Infinity":84,"s:149:2:149:Infinity":85},"fnNames":{}}}
,"/Users/rex-fab-alt/Documents/code/playground/van-plan/src/utils/chassisGeometry.ts": {"path":"/Users/rex-fab-alt/Documents/code/playground/van-plan/src/utils/chassisGeometry.ts","statementMap":{"0":{"start":{"line":30,"column":12},"end":{"line":30,"column":null}},"1":{"start":{"line":31,"column":12},"end":{"line":31,"column":null}},"2":{"start":{"line":32,"column":16},"end":{"line":32,"column":null}},"3":{"start":{"line":33,"column":16},"end":{"line":33,"column":null}},"4":{"start":{"line":35,"column":18},"end":{"line":35,"column":null}},"5":{"start":{"line":36,"column":16},"end":{"line":36,"column":null}},"6":{"start":{"line":39,"column":2},"end":{"line":39,"column":null}},"7":{"start":{"line":41,"column":2},"end":{"line":48,"column":null}},"8":{"start":{"line":41,"column":15},"end":{"line":41,"column":18}},"9":{"start":{"line":42,"column":19},"end":{"line":42,"column":null}},"10":{"start":{"line":43,"column":4},"end":{"line":43,"column":null}},"11":{"start":{"line":44,"column":4},"end":{"line":44,"column":null}},"12":{"start":{"line":45,"column":4},"end":{"line":45,"column":null}},"13":{"start":{"line":46,"column":4},"end":{"line":46,"column":null}},"14":{"start":{"line":47,"column":4},"end":{"line":47,"column":null}},"15":{"start":{"line":49,"column":2},"end":{"line":49,"column":null}},"16":{"start":{"line":50,"column":2},"end":{"line":50,"column":null}},"17":{"start":{"line":51,"column":2},"end":{"line":51,"column":null}},"18":{"start":{"line":52,"column":2},"end":{"line":52,"column":null}},"19":{"start":{"line":54,"column":56},"end":{"line":58,"column":null}},"20":{"start":{"line":60,"column":14},"end":{"line":60,"column":null}},"21":{"start":{"line":62,"column":2},"end":{"line":62,"column":null}},"22":{"start":{"line":63,"column":2},"end":{"line":63,"column":null}},"23":{"start":{"line":75,"column":16},"end":{"line":75,"column":null}},"24":{"start":{"line":76,"column":12},"end":{"line":76,"column":null}},"25":{"start":{"line":77,"column":12},"end":{"line":77,"column":null}},"26":{"start":{"line":78,"column":12},"end":{"line":78,"column":null}},"27":{"start":{"line":79,"column":18},"end":{"line":79,"column":null}},"28":{"start":{"line":81,"column":18},"end":{"line":81,"column":null}},"29":{"start":{"line":82,"column":18},"end":{"line":82,"column":null}},"30":{"start":{"line":85,"column":16},"end":{"line":85,"column":null}},"31":{"start":{"line":86,"column":2},"end":{"line":86,"column":null}},"32":{"start":{"line":87,"column":2},"end":{"line":87,"column":null}},"33":{"start":{"line":88,"column":2},"end":{"line":88,"column":null}},"34":{"start":{"line":91,"column":16},"end":{"line":91,"column":null}},"35":{"start":{"line":92,"column":2},"end":{"line":92,"column":null}},"36":{"start":{"line":93,"column":2},"end":{"line":93,"column":null}},"37":{"start":{"line":94,"column":2},"end":{"line":94,"column":null}},"38":{"start":{"line":96,"column":2},"end":{"line":96,"column":null}},"39":{"start":{"line":103,"column":16},"end":{"line":103,"column":null}},"40":{"start":{"line":104,"column":12},"end":{"line":104,"column":null}},"41":{"start":{"line":105,"column":12},"end":{"line":105,"column":null}},"42":{"start":{"line":106,"column":20},"end":{"line":106,"column":null}},"43":{"start":{"line":107,"column":20},"end":{"line":107,"column":null}},"44":{"start":{"line":109,"column":17},"end":{"line":109,"column":null}},"45":{"start":{"line":110,"column":15},"end":{"line":110,"column":null}},"46":{"start":{"line":112,"column":2},"end":{"line":122,"column":null}},"47":{"start":{"line":112,"column":15},"end":{"line":112,"column":23}},"48":{"start":{"line":114,"column":15},"end":{"line":114,"column":null}},"49":{"start":{"line":115,"column":4},"end":{"line":115,"column":null}},"50":{"start":{"line":116,"column":4},"end":{"line":116,"column":null}},"51":{"start":{"line":119,"column":15},"end":{"line":119,"column":null}},"52":{"start":{"line":120,"column":4},"end":{"line":120,"column":null}},"53":{"start":{"line":121,"column":4},"end":{"line":121,"column":null}},"54":{"start":{"line":124,"column":2},"end":{"line":124,"column":null}},"55":{"start":{"line":131,"column":16},"end":{"line":131,"column":null}},"56":{"start":{"line":132,"column":26},"end":{"line":132,"column":null}},"57":{"start":{"line":133,"column":2},"end":{"line":137,"column":null}}},"fnMap":{"0":{"name":"createSickenbodenGeometry","decl":{"start":{"line":22,"column":16},"end":{"line":22,"column":42}},"loc":{"start":{"line":28,"column":25},"end":{"line":64,"column":null}},"line":28},"1":{"name":"createChassisFrameRailsGeometry","decl":{"start":{"line":69,"column":16},"end":{"line":69,"column":48}},"loc":{"start":{"line":74,"column":16},"end":{"line":97,"column":null}},"line":74},"2":{"name":"createWallPillarsGroup","decl":{"start":{"line":102,"column":16},"end":{"line":102,"column":39}},"loc":{"start":{"line":102,"column":137},"end":{"line":125,"column":null}},"line":102},"3":{"name":"calculateSickenbodenMetrics","decl":{"start":{"line":130,"column":16},"end":{"line":130,"column":44}},"loc":{"start":{"line":130,"column":90},"end":{"line":138,"column":null}},"line":130}},"branchMap":{"0":{"loc":{"start":{"line":22,"column":42},"end":{"line":28,"column":25}},"type":"default-arg","locations":[{"start":{"line":22,"column":70},"end":{"line":28,"column":25}}],"line":22},"1":{"loc":{"start":{"line":69,"column":48},"end":{"line":74,"column":16}},"type":"default-arg","locations":[{"start":{"line":69,"column":74},"end":{"line":74,"column":16}}],"line":69},"2":{"loc":{"start":{"line":102,"column":39},"end":{"line":102,"column":69}},"type":"default-arg","locations":[{"start":{"line":102,"column":63},"end":{"line":102,"column":69}}],"line":102},"3":{"loc":{"start":{"line":102,"column":69},"end":{"line":102,"column":99}},"type":"default-arg","locations":[{"start":{"line":102,"column":93},"end":{"line":102,"column":99}}],"line":102},"4":{"loc":{"start":{"line":102,"column":99},"end":{"line":102,"column":137}},"type":"default-arg","locations":[{"start":{"line":102,"column":119},"end":{"line":102,"column":137}}],"line":102},"5":{"loc":{"start":{"line":130,"column":44},"end":{"line":130,"column":68}},"type":"default-arg","locations":[{"start":{"line":130,"column":62},"end":{"line":130,"column":68}}],"line":130},"6":{"loc":{"start":{"line":130,"column":68},"end":{"line":130,"column":90}},"type":"default-arg","locations":[{"start":{"line":130,"column":86},"end":{"line":130,"column":90}}],"line":130}},"s":{"0":10,"1":10,"2":10,"3":10,"4":10,"5":10,"6":10,"7":10,"8":10,"9":210,"10":210,"11":210,"12":210,"13":210,"14":210,"15":10,"16":10,"17":10,"18":10,"19":10,"20":10,"21":10,"22":10,"23":10,"24":10,"25":10,"26":10,"27":10,"28":10,"29":10,"30":10,"31":10,"32":10,"33":10,"34":10,"35":10,"36":10,"37":10,"38":10,"39":10,"40":10,"41":10,"42":10,"43":10,"44":10,"45":10,"46":10,"47":10,"48":50,"49":50,"50":50,"51":50,"52":50,"53":50,"54":10,"55":1,"56":1,"57":1},"f":{"0":10,"1":10,"2":10,"3":1},"b":{"0":[10],"1":[10],"2":[10],"3":[10],"4":[10],"5":[1],"6":[1]},"meta":{"lastBranch":7,"lastFunction":4,"lastStatement":58,"seen":{"f:22:16:22:42":0,"b:22:70:28:25":0,"s:30:12:30:Infinity":0,"s:31:12:31:Infinity":1,"s:32:16:32:Infinity":2,"s:33:16:33:Infinity":3,"s:35:18:35:Infinity":4,"s:36:16:36:Infinity":5,"s:39:2:39:Infinity":6,"s:41:2:48:Infinity":7,"s:41:15:41:18":8,"s:42:19:42:Infinity":9,"s:43:4:43:Infinity":10,"s:44:4:44:Infinity":11,"s:45:4:45:Infinity":12,"s:46:4:46:Infinity":13,"s:47:4:47:Infinity":14,"s:49:2:49:Infinity":15,"s:50:2:50:Infinity":16,"s:51:2:51:Infinity":17,"s:52:2:52:Infinity":18,"s:54:56:58:Infinity":19,"s:60:14:60:Infinity":20,"s:62:2:62:Infinity":21,"s:63:2:63:Infinity":22,"f:69:16:69:48":1,"b:69:74:74:16":1,"s:75:16:75:Infinity":23,"s:76:12:76:Infinity":24,"s:77:12:77:Infinity":25,"s:78:12:78:Infinity":26,"s:79:18:79:Infinity":27,"s:81:18:81:Infinity":28,"s:82:18:82:Infinity":29,"s:85:16:85:Infinity":30,"s:86:2:86:Infinity":31,"s:87:2:87:Infinity":32,"s:88:2:88:Infinity":33,"s:91:16:91:Infinity":34,"s:92:2:92:Infinity":35,"s:93:2:93:Infinity":36,"s:94:2:94:Infinity":37,"s:96:2:96:Infinity":38,"f:102:16:102:39":2,"b:102:63:102:69":2,"b:102:93:102:99":3,"b:102:119:102:137":4,"s:103:16:103:Infinity":39,"s:104:12:104:Infinity":40,"s:105:12:105:Infinity":41,"s:106:20:106:Infinity":42,"s:107:20:107:Infinity":43,"s:109:17:109:Infinity":44,"s:110:15:110:Infinity":45,"s:112:2:122:Infinity":46,"s:112:15:112:23":47,"s:114:15:114:Infinity":48,"s:115:4:115:Infinity":49,"s:116:4:116:Infinity":50,"s:119:15:119:Infinity":51,"s:120:4:120:Infinity":52,"s:121:4:121:Infinity":53,"s:124:2:124:Infinity":54,"f:130:16:130:44":3,"b:130:62:130:68":5,"b:130:86:130:90":6,"s:131:16:131:Infinity":55,"s:132:26:132:Infinity":56,"s:133:2:137:Infinity":57},"fnNames":{}}}
,"/Users/rex-fab-alt/Documents/code/playground/van-plan/src/utils/formatters.ts": {"path":"/Users/rex-fab-alt/Documents/code/playground/van-plan/src/utils/formatters.ts","statementMap":{"0":{"start":{"line":4,"column":2},"end":{"line":6,"column":null}},"1":{"start":{"line":5,"column":4},"end":{"line":5,"column":null}},"2":{"start":{"line":7,"column":2},"end":{"line":9,"column":null}},"3":{"start":{"line":8,"column":4},"end":{"line":8,"column":null}},"4":{"start":{"line":10,"column":2},"end":{"line":10,"column":null}},"5":{"start":{"line":14,"column":2},"end":{"line":17,"column":null}},"6":{"start":{"line":21,"column":2},"end":{"line":21,"column":null}}},"fnMap":{"0":{"name":"formatDimension","decl":{"start":{"line":3,"column":16},"end":{"line":3,"column":32}},"loc":{"start":{"line":3,"column":77},"end":{"line":11,"column":null}},"line":3},"1":{"name":"formatCurrency","decl":{"start":{"line":13,"column":16},"end":{"line":13,"column":31}},"loc":{"start":{"line":13,"column":53},"end":{"line":18,"column":null}},"line":13},"2":{"name":"formatWeight","decl":{"start":{"line":20,"column":16},"end":{"line":20,"column":29}},"loc":{"start":{"line":20,"column":49},"end":{"line":22,"column":null}},"line":20}},"branchMap":{"0":{"loc":{"start":{"line":3,"column":44},"end":{"line":3,"column":77}},"type":"default-arg","locations":[{"start":{"line":3,"column":63},"end":{"line":3,"column":77}}],"line":3},"1":{"loc":{"start":{"line":4,"column":2},"end":{"line":6,"column":null}},"type":"if","locations":[{"start":{"line":4,"column":2},"end":{"line":6,"column":null}},{"start":{},"end":{}}],"line":4},"2":{"loc":{"start":{"line":7,"column":2},"end":{"line":9,"column":null}},"type":"if","locations":[{"start":{"line":7,"column":2},"end":{"line":9,"column":null}},{"start":{},"end":{}}],"line":7}},"s":{"0":107,"1":1,"2":106,"3":1,"4":105,"5":109,"6":48},"f":{"0":107,"1":109,"2":48},"b":{"0":[107],"1":[1,106],"2":[1,105]},"meta":{"lastBranch":3,"lastFunction":3,"lastStatement":7,"seen":{"f:3:16:3:32":0,"b:3:63:3:77":0,"b:4:2:6:Infinity:undefined:undefined:undefined:undefined":1,"s:4:2:6:Infinity":0,"s:5:4:5:Infinity":1,"b:7:2:9:Infinity:undefined:undefined:undefined:undefined":2,"s:7:2:9:Infinity":2,"s:8:4:8:Infinity":3,"s:10:2:10:Infinity":4,"f:13:16:13:31":1,"s:14:2:17:Infinity":5,"f:20:16:20:29":2,"s:21:2:21:Infinity":6},"fnNames":{}}}
}
